2017-12-20 17:10:20,609 INFO  [Thread-3] AnnotationConfigEmbeddedWebApplicationContext: Closing org.springframework.boot.context.embedded.AnnotationConfigEmbeddedWebApplicationContext@69453e37: startup date [Wed Dec 20 17:09:49 IST 2017]; root of context hierarchy
2017-12-20 17:10:20,613 INFO  [Thread-3] AnnotationMBeanExporter: Unregistering JMX-exposed beans on shutdown
2017-12-20 17:10:23,196 INFO  [main] DevicemanagementApplication: Starting DevicemanagementApplication on ranjit-vostro-1540 with PID 3225 (/home/ranjit/Documents/DeviceMGM/devicemanagement/target/classes started by ranjit in /home/ranjit/Documents/DeviceMGM/devicemanagement)
2017-12-20 17:10:23,202 INFO  [main] DevicemanagementApplication: No active profile set, falling back to default profiles: default
2017-12-20 17:10:23,328 INFO  [main] AnnotationConfigEmbeddedWebApplicationContext: Refreshing org.springframework.boot.context.embedded.AnnotationConfigEmbeddedWebApplicationContext@2002fc1d: startup date [Wed Dec 20 17:10:23 IST 2017]; root of context hierarchy
2017-12-20 17:10:23,687 INFO  [background-preinit] Version: HV000001: Hibernate Validator 5.2.5.Final
2017-12-20 17:10:25,837 INFO  [main] TomcatEmbeddedServletContainer: Tomcat initialized with port(s): 8082 (http)
2017-12-20 17:10:25,856 INFO  [main] StandardService: Starting service [Tomcat]
2017-12-20 17:10:25,858 INFO  [main] StandardEngine: Starting Servlet Engine: Apache Tomcat/8.5.15
2017-12-20 17:10:26,068 INFO  [localhost-startStop-1] [/]: Initializing Spring embedded WebApplicationContext
2017-12-20 17:10:26,068 INFO  [localhost-startStop-1] ContextLoader: Root WebApplicationContext: initialization completed in 2740 ms
2017-12-20 17:10:26,355 INFO  [localhost-startStop-1] ServletRegistrationBean: Mapping servlet: 'dispatcherServlet' to [/]
2017-12-20 17:10:26,367 INFO  [localhost-startStop-1] FilterRegistrationBean: Mapping filter: 'characterEncodingFilter' to: [/*]
2017-12-20 17:10:26,369 INFO  [localhost-startStop-1] FilterRegistrationBean: Mapping filter: 'hiddenHttpMethodFilter' to: [/*]
2017-12-20 17:10:26,369 INFO  [localhost-startStop-1] FilterRegistrationBean: Mapping filter: 'httpPutFormContentFilter' to: [/*]
2017-12-20 17:10:26,369 INFO  [localhost-startStop-1] FilterRegistrationBean: Mapping filter: 'requestContextFilter' to: [/*]
2017-12-20 17:10:26,988 INFO  [main] RequestMappingHandlerAdapter: Looking for @ControllerAdvice: org.springframework.boot.context.embedded.AnnotationConfigEmbeddedWebApplicationContext@2002fc1d: startup date [Wed Dec 20 17:10:23 IST 2017]; root of context hierarchy
2017-12-20 17:10:27,097 INFO  [main] RequestMappingHandlerMapping: Mapped "{[/device/register],methods=[POST]}" onto public com.dev.mgm.bean.MessageBean com.dev.mgm.DeviceMgmServices.registerUser(com.dev.mgm.bean.User)
2017-12-20 17:10:27,099 INFO  [main] RequestMappingHandlerMapping: Mapped "{[/device/deregister/{device_id}]}" onto public com.dev.mgm.bean.MessageBean com.dev.mgm.DeviceMgmServices.deRegister(java.lang.String)
2017-12-20 17:10:27,100 INFO  [main] RequestMappingHandlerMapping: Mapped "{[/device/check/{device_id}]}" onto public com.dev.mgm.bean.Device com.dev.mgm.DeviceMgmServices.checkDeviceStatus(java.lang.String)
2017-12-20 17:10:27,105 INFO  [main] RequestMappingHandlerMapping: Mapped "{[/test/view],methods=[POST]}" onto public com.dev.mgm.bean.User com.dev.mgm.Test.view()
2017-12-20 17:10:27,106 INFO  [main] RequestMappingHandlerMapping: Mapped "{[/test/register]}" onto public com.dev.mgm.bean.MessageBean com.dev.mgm.Test.registerUser()
2017-12-20 17:10:27,107 INFO  [main] RequestMappingHandlerMapping: Mapped "{[/test/viewall],methods=[GET]}" onto public java.util.List<com.dev.mgm.bean.User> com.dev.mgm.Test.viewAll()
2017-12-20 17:10:27,107 INFO  [main] RequestMappingHandlerMapping: Mapped "{[/test/check/{device_id}]}" onto public com.dev.mgm.bean.Device com.dev.mgm.Test.checkDeviceStatus(java.lang.String)
2017-12-20 17:10:27,108 INFO  [main] RequestMappingHandlerMapping: Mapped "{[/test/send],methods=[POST]}" onto public java.lang.String com.dev.mgm.Test.register(com.dev.mgm.bean.User)
2017-12-20 17:10:27,112 INFO  [main] RequestMappingHandlerMapping: Mapped "{[/error],produces=[text/html]}" onto public org.springframework.web.servlet.ModelAndView org.springframework.boot.autoconfigure.web.BasicErrorController.errorHtml(javax.servlet.http.HttpServletRequest,javax.servlet.http.HttpServletResponse)
2017-12-20 17:10:27,113 INFO  [main] RequestMappingHandlerMapping: Mapped "{[/error]}" onto public org.springframework.http.ResponseEntity<java.util.Map<java.lang.String, java.lang.Object>> org.springframework.boot.autoconfigure.web.BasicErrorController.error(javax.servlet.http.HttpServletRequest)
2017-12-20 17:10:27,170 INFO  [main] SimpleUrlHandlerMapping: Mapped URL path [/webjars/**] onto handler of type [class org.springframework.web.servlet.resource.ResourceHttpRequestHandler]
2017-12-20 17:10:27,171 INFO  [main] SimpleUrlHandlerMapping: Mapped URL path [/**] onto handler of type [class org.springframework.web.servlet.resource.ResourceHttpRequestHandler]
2017-12-20 17:10:27,246 INFO  [main] SimpleUrlHandlerMapping: Mapped URL path [/**/favicon.ico] onto handler of type [class org.springframework.web.servlet.resource.ResourceHttpRequestHandler]
2017-12-20 17:10:27,540 INFO  [main] AnnotationMBeanExporter: Registering beans for JMX exposure on startup
2017-12-20 17:10:27,572 INFO  [main] Http11NioProtocol: Initializing ProtocolHandler ["http-nio-8082"]
2017-12-20 17:10:27,594 INFO  [main] Http11NioProtocol: Starting ProtocolHandler ["http-nio-8082"]
2017-12-20 17:10:27,612 INFO  [main] NioSelectorPool: Using a shared selector for servlet write/read
2017-12-20 17:10:27,657 INFO  [main] TomcatEmbeddedServletContainer: Tomcat started on port(s): 8082 (http)
2017-12-20 17:10:27,674 INFO  [main] DevicemanagementApplication: Started DevicemanagementApplication in 5.072 seconds (JVM running for 6.314)
