2017-12-19 17:44:36,354 INFO  [main] DevicemanagementApplication: Starting DevicemanagementApplication on ranjit-vostro-1540 with PID 19794 (/home/ranjit/Documents/DeviceMGM/devicemanagement/target/classes started by ranjit in /home/ranjit/Documents/DeviceMGM/devicemanagement)
2017-12-19 17:44:36,366 INFO  [main] DevicemanagementApplication: No active profile set, falling back to default profiles: default
2017-12-19 17:44:36,537 INFO  [main] AnnotationConfigEmbeddedWebApplicationContext: Refreshing org.springframework.boot.context.embedded.AnnotationConfigEmbeddedWebApplicationContext@1b7cc17c: startup date [Tue Dec 19 17:44:36 IST 2017]; root of context hierarchy
2017-12-19 17:44:36,729 INFO  [background-preinit] Version: HV000001: Hibernate Validator 5.2.5.Final
2017-12-19 17:44:39,647 INFO  [main] TomcatEmbeddedServletContainer: Tomcat initialized with port(s): 8081 (http)
2017-12-19 17:44:39,664 INFO  [main] StandardService: Starting service [Tomcat]
2017-12-19 17:44:39,666 INFO  [main] StandardEngine: Starting Servlet Engine: Apache Tomcat/8.5.15
2017-12-19 17:44:39,775 INFO  [localhost-startStop-1] [/]: Initializing Spring embedded WebApplicationContext
2017-12-19 17:44:39,776 INFO  [localhost-startStop-1] ContextLoader: Root WebApplicationContext: initialization completed in 3239 ms
2017-12-19 17:44:39,977 INFO  [localhost-startStop-1] ServletRegistrationBean: Mapping servlet: 'dispatcherServlet' to [/]
2017-12-19 17:44:39,984 INFO  [localhost-startStop-1] FilterRegistrationBean: Mapping filter: 'characterEncodingFilter' to: [/*]
2017-12-19 17:44:39,985 INFO  [localhost-startStop-1] FilterRegistrationBean: Mapping filter: 'hiddenHttpMethodFilter' to: [/*]
2017-12-19 17:44:39,986 INFO  [localhost-startStop-1] FilterRegistrationBean: Mapping filter: 'httpPutFormContentFilter' to: [/*]
2017-12-19 17:44:39,986 INFO  [localhost-startStop-1] FilterRegistrationBean: Mapping filter: 'requestContextFilter' to: [/*]
2017-12-19 17:44:40,509 INFO  [main] RequestMappingHandlerAdapter: Looking for @ControllerAdvice: org.springframework.boot.context.embedded.AnnotationConfigEmbeddedWebApplicationContext@1b7cc17c: startup date [Tue Dec 19 17:44:36 IST 2017]; root of context hierarchy
2017-12-19 17:44:40,611 INFO  [main] RequestMappingHandlerMapping: Mapped "{[/device/register],methods=[POST]}" onto public com.dev.mgm.bean.MessageBean com.dev.mgm.DeviceMgmServices.registerUser(com.dev.mgm.bean.User)
2017-12-19 17:44:40,614 INFO  [main] RequestMappingHandlerMapping: Mapped "{[/device/check/{device_id}]}" onto public com.dev.mgm.bean.Device com.dev.mgm.DeviceMgmServices.checkDeviceStatus(java.lang.String)
2017-12-19 17:44:40,615 INFO  [main] RequestMappingHandlerMapping: Mapped "{[/device/deregister/{device_id}]}" onto public com.dev.mgm.bean.MessageBean com.dev.mgm.DeviceMgmServices.deRegister(java.lang.String)
2017-12-19 17:44:40,627 INFO  [main] RequestMappingHandlerMapping: Mapped "{[/test/view],methods=[POST]}" onto public com.dev.mgm.bean.User com.dev.mgm.Test.view()
2017-12-19 17:44:40,630 INFO  [main] RequestMappingHandlerMapping: Mapped "{[/test/register]}" onto public com.dev.mgm.bean.MessageBean com.dev.mgm.Test.registerUser()
2017-12-19 17:44:40,630 INFO  [main] RequestMappingHandlerMapping: Mapped "{[/test/viewall],methods=[GET]}" onto public java.util.List<com.dev.mgm.bean.User> com.dev.mgm.Test.viewAll()
2017-12-19 17:44:40,632 INFO  [main] RequestMappingHandlerMapping: Mapped "{[/test/check/{device_id}]}" onto public com.dev.mgm.bean.Device com.dev.mgm.Test.checkDeviceStatus(java.lang.String)
2017-12-19 17:44:40,633 INFO  [main] RequestMappingHandlerMapping: Mapped "{[/test/send],methods=[POST]}" onto public java.lang.String com.dev.mgm.Test.register(com.dev.mgm.bean.User)
2017-12-19 17:44:40,652 INFO  [main] RequestMappingHandlerMapping: Mapped "{[/error],produces=[text/html]}" onto public org.springframework.web.servlet.ModelAndView org.springframework.boot.autoconfigure.web.BasicErrorController.errorHtml(javax.servlet.http.HttpServletRequest,javax.servlet.http.HttpServletResponse)
2017-12-19 17:44:40,653 INFO  [main] RequestMappingHandlerMapping: Mapped "{[/error]}" onto public org.springframework.http.ResponseEntity<java.util.Map<java.lang.String, java.lang.Object>> org.springframework.boot.autoconfigure.web.BasicErrorController.error(javax.servlet.http.HttpServletRequest)
2017-12-19 17:44:40,704 INFO  [main] SimpleUrlHandlerMapping: Mapped URL path [/webjars/**] onto handler of type [class org.springframework.web.servlet.resource.ResourceHttpRequestHandler]
2017-12-19 17:44:40,705 INFO  [main] SimpleUrlHandlerMapping: Mapped URL path [/**] onto handler of type [class org.springframework.web.servlet.resource.ResourceHttpRequestHandler]
2017-12-19 17:44:40,781 INFO  [main] SimpleUrlHandlerMapping: Mapped URL path [/**/favicon.ico] onto handler of type [class org.springframework.web.servlet.resource.ResourceHttpRequestHandler]
2017-12-19 17:44:41,051 INFO  [main] AnnotationMBeanExporter: Registering beans for JMX exposure on startup
2017-12-19 17:44:41,077 INFO  [main] Http11NioProtocol: Initializing ProtocolHandler ["http-nio-8081"]
2017-12-19 17:44:41,089 INFO  [main] Http11NioProtocol: Starting ProtocolHandler ["http-nio-8081"]
2017-12-19 17:44:41,102 INFO  [main] NioSelectorPool: Using a shared selector for servlet write/read
2017-12-19 17:44:41,133 INFO  [main] TomcatEmbeddedServletContainer: Tomcat started on port(s): 8081 (http)
2017-12-19 17:44:41,142 INFO  [main] DevicemanagementApplication: Started DevicemanagementApplication in 8.688 seconds (JVM running for 15.502)
