2017-12-07 17:56:42,433 INFO  [http-nio-8080-exec-1] [/]: Initializing Spring FrameworkServlet 'dispatcherServlet'
2017-12-07 17:56:42,434 INFO  [http-nio-8080-exec-1] DispatcherServlet: FrameworkServlet 'dispatcherServlet': initialization started
2017-12-07 17:56:42,474 INFO  [http-nio-8080-exec-1] DispatcherServlet: FrameworkServlet 'dispatcherServlet': initialization completed in 39 ms
2017-12-07 17:56:43,034 INFO  [http-nio-8080-exec-1] Version: HHH000412: Hibernate Core {5.2.12.Final}
2017-12-07 17:56:43,036 INFO  [http-nio-8080-exec-1] Environment: HHH000206: hibernate.properties not found
2017-12-07 17:56:43,592 INFO  [http-nio-8080-exec-1] MySessionFactory: Hibernate Configuration file loaded Successfully
2017-12-07 17:56:43,709 INFO  [http-nio-8080-exec-1] Version: HCANN000001: Hibernate Commons Annotations {5.0.1.Final}
2017-12-07 17:56:43,913 WARN  [http-nio-8080-exec-1] pooling: HHH10001002: Using Hibernate built-in connection pool (not for production use!)
2017-12-07 17:56:43,915 INFO  [http-nio-8080-exec-1] pooling: HHH10001005: using driver [com.mysql.jdbc.Driver] at URL [jdbc:mysql://localhost:3306/devicemgm]
2017-12-07 17:56:43,916 INFO  [http-nio-8080-exec-1] pooling: HHH10001001: Connection properties: {user=root, password=****}
2017-12-07 17:56:43,917 INFO  [http-nio-8080-exec-1] pooling: HHH10001003: Autocommit mode: false
2017-12-07 17:56:43,922 INFO  [http-nio-8080-exec-1] DriverManagerConnectionProviderImpl: HHH000115: Hibernate connection pool size: 10 (min=1)
2017-12-07 17:56:44,064 INFO  [http-nio-8080-exec-1] Dialect: HHH000400: Using dialect: org.hibernate.dialect.MySQL5Dialect
2017-12-07 17:56:44,130 INFO  [http-nio-8080-exec-1] LobCreatorBuilderImpl: HHH000423: Disabling contextual LOB creation as JDBC driver reported JDBC version [3] less than 4
2017-12-07 17:56:45,167 INFO  [http-nio-8080-exec-1] access: HHH10001501: Connection obtained from JdbcConnectionAccess [org.hibernate.engine.jdbc.env.internal.JdbcEnvironmentInitiator$ConnectionProviderJdbcConnectionAccess@10762fa4] for (non-JTA) DDL execution was not in auto-commit mode; the Connection 'local transaction' will be committed and the Connection will be set into auto-commit mode.
2017-12-07 17:56:45,449 INFO  [http-nio-8080-exec-1] access: HHH10001501: Connection obtained from JdbcConnectionAccess [org.hibernate.engine.jdbc.env.internal.JdbcEnvironmentInitiator$ConnectionProviderJdbcConnectionAccess@4dff468b] for (non-JTA) DDL execution was not in auto-commit mode; the Connection 'local transaction' will be committed and the Connection will be set into auto-commit mode.
2017-12-07 17:56:45,934 INFO  [http-nio-8080-exec-1] SchemaCreatorImpl: HHH000476: Executing import script 'org.hibernate.tool.schema.internal.exec.ScriptSourceInputNonExistentImpl@78555e38'
2017-12-07 17:56:45,949 INFO  [http-nio-8080-exec-1] MySessionFactory: Session factory object created
2017-12-07 17:56:45,949 INFO  [http-nio-8080-exec-1] MySessionFactory: session factory call
2017-12-07 17:56:46,141 INFO  [http-nio-8080-exec-1] UserDAO: Deivce status not found ID3
2017-12-07 17:56:56,137 INFO  [http-nio-8080-exec-2] MySessionFactory: session factory call
2017-12-07 17:56:56,141 INFO  [http-nio-8080-exec-2] UserDAO: Deivce ready to register
2017-12-07 17:56:56,141 INFO  [http-nio-8080-exec-2] MySessionFactory: session factory call
2017-12-07 17:56:56,321 INFO  [http-nio-8080-exec-2] UserDAO: user register completd successfully
