2017-12-13 15:03:50,281 INFO  [http-nio-8082-exec-1] [/]: Initializing Spring FrameworkServlet 'dispatcherServlet'
2017-12-13 15:03:50,304 INFO  [http-nio-8082-exec-1] DispatcherServlet: FrameworkServlet 'dispatcherServlet': initialization started
2017-12-13 15:03:50,354 INFO  [http-nio-8082-exec-1] DispatcherServlet: FrameworkServlet 'dispatcherServlet': initialization completed in 49 ms
2017-12-13 15:03:50,913 INFO  [http-nio-8082-exec-1] Version: HHH000412: Hibernate Core {5.2.12.Final}
2017-12-13 15:03:50,916 INFO  [http-nio-8082-exec-1] Environment: HHH000206: hibernate.properties not found
2017-12-13 15:03:52,005 INFO  [http-nio-8082-exec-1] MySessionFactory: Hibernate Configuration file loaded Successfully
2017-12-13 15:03:52,154 INFO  [http-nio-8082-exec-1] Version: HCANN000001: Hibernate Commons Annotations {5.0.1.Final}
2017-12-13 15:03:52,397 WARN  [http-nio-8082-exec-1] pooling: HHH10001002: Using Hibernate built-in connection pool (not for production use!)
2017-12-13 15:03:52,399 INFO  [http-nio-8082-exec-1] pooling: HHH10001005: using driver [com.mysql.jdbc.Driver] at URL [jdbc:mysql://localhost:3306/devicemgm]
2017-12-13 15:03:52,400 INFO  [http-nio-8082-exec-1] pooling: HHH10001001: Connection properties: {user=root, password=****}
2017-12-13 15:03:52,401 INFO  [http-nio-8082-exec-1] pooling: HHH10001003: Autocommit mode: false
2017-12-13 15:03:52,405 INFO  [http-nio-8082-exec-1] DriverManagerConnectionProviderImpl: HHH000115: Hibernate connection pool size: 10 (min=1)
2017-12-13 15:03:52,509 INFO  [http-nio-8082-exec-1] Dialect: HHH000400: Using dialect: org.hibernate.dialect.MySQL5Dialect
2017-12-13 15:03:52,602 INFO  [http-nio-8082-exec-1] LobCreatorBuilderImpl: HHH000423: Disabling contextual LOB creation as JDBC driver reported JDBC version [3] less than 4
2017-12-13 15:03:53,806 INFO  [http-nio-8082-exec-1] access: HHH10001501: Connection obtained from JdbcConnectionAccess [org.hibernate.engine.jdbc.env.internal.JdbcEnvironmentInitiator$ConnectionProviderJdbcConnectionAccess@10a8aee1] for (non-JTA) DDL execution was not in auto-commit mode; the Connection 'local transaction' will be committed and the Connection will be set into auto-commit mode.
2017-12-13 15:03:54,033 INFO  [http-nio-8082-exec-1] MySessionFactory: Session factory object created
2017-12-13 15:03:54,033 INFO  [http-nio-8082-exec-1] MySessionFactory: session factory call
2017-12-13 15:03:54,276 INFO  [http-nio-8082-exec-1] MySessionFactory: session factory call
2017-12-13 15:03:54,313 INFO  [http-nio-8082-exec-1] UserDAO: Device Not Valid right now
2017-12-13 15:03:54,313 INFO  [http-nio-8082-exec-1] UserDAO: Deivce status found
