2017-12-14 23:44:17,832 INFO  [RMI TCP Connection(2)-127.0.0.1] SpringApplicationAdminMXBeanRegistrar$SpringApplicationAdmin: Application shutdown requested.
2017-12-14 23:44:17,833 INFO  [RMI TCP Connection(2)-127.0.0.1] AnnotationConfigEmbeddedWebApplicationContext: Closing org.springframework.boot.context.embedded.AnnotationConfigEmbeddedWebApplicationContext@6adbc9d: startup date [Thu Dec 14 23:41:33 IST 2017]; root of context hierarchy
2017-12-14 23:44:17,835 INFO  [RMI TCP Connection(2)-127.0.0.1] AnnotationMBeanExporter: Unregistering JMX-exposed beans on shutdown
2017-12-14 23:44:34,957 INFO  [main] DevicemanagementApplication: Starting DevicemanagementApplication on ranjit-vostro-1540 with PID 7153 (/home/ranjit/Documents/DeviceMGM/devicemanagement/target/classes started by ranjit in /home/ranjit/Documents/DeviceMGM/devicemanagement)
2017-12-14 23:44:34,961 INFO  [main] DevicemanagementApplication: No active profile set, falling back to default profiles: default
2017-12-14 23:44:35,025 INFO  [main] AnnotationConfigEmbeddedWebApplicationContext: Refreshing org.springframework.boot.context.embedded.AnnotationConfigEmbeddedWebApplicationContext@6adbc9d: startup date [Thu Dec 14 23:44:35 IST 2017]; root of context hierarchy
2017-12-14 23:44:35,093 INFO  [background-preinit] Version: HV000001: Hibernate Validator 5.2.5.Final
2017-12-14 23:44:36,635 INFO  [main] TomcatEmbeddedServletContainer: Tomcat initialized with port(s): 8082 (http)
2017-12-14 23:44:36,648 INFO  [main] StandardService: Starting service [Tomcat]
2017-12-14 23:44:36,649 INFO  [main] StandardEngine: Starting Servlet Engine: Apache Tomcat/8.5.15
2017-12-14 23:44:36,756 INFO  [localhost-startStop-1] [/]: Initializing Spring embedded WebApplicationContext
2017-12-14 23:44:36,757 INFO  [localhost-startStop-1] ContextLoader: Root WebApplicationContext: initialization completed in 1732 ms
2017-12-14 23:44:36,938 INFO  [localhost-startStop-1] ServletRegistrationBean: Mapping servlet: 'dispatcherServlet' to [/]
2017-12-14 23:44:36,945 INFO  [localhost-startStop-1] FilterRegistrationBean: Mapping filter: 'characterEncodingFilter' to: [/*]
2017-12-14 23:44:36,946 INFO  [localhost-startStop-1] FilterRegistrationBean: Mapping filter: 'hiddenHttpMethodFilter' to: [/*]
2017-12-14 23:44:36,947 INFO  [localhost-startStop-1] FilterRegistrationBean: Mapping filter: 'httpPutFormContentFilter' to: [/*]
2017-12-14 23:44:36,947 INFO  [localhost-startStop-1] FilterRegistrationBean: Mapping filter: 'requestContextFilter' to: [/*]
2017-12-14 23:44:37,322 INFO  [main] RequestMappingHandlerAdapter: Looking for @ControllerAdvice: org.springframework.boot.context.embedded.AnnotationConfigEmbeddedWebApplicationContext@6adbc9d: startup date [Thu Dec 14 23:44:35 IST 2017]; root of context hierarchy
2017-12-14 23:44:37,396 INFO  [main] RequestMappingHandlerMapping: Mapped "{[/register],methods=[POST]}" onto public com.dev.mgm.bean.MessageBean com.dev.mgm.DeviceMgmServices.registerUser(com.dev.mgm.bean.User)
2017-12-14 23:44:37,398 INFO  [main] RequestMappingHandlerMapping: Mapped "{[/check/{device_id}]}" onto public com.dev.mgm.bean.Device com.dev.mgm.DeviceMgmServices.checkDeviceStatus(java.lang.String)
2017-12-14 23:44:37,398 INFO  [main] RequestMappingHandlerMapping: Mapped "{[/deregister/{device_id}]}" onto public com.dev.mgm.bean.MessageBean com.dev.mgm.DeviceMgmServices.deRegister(java.lang.String)
2017-12-14 23:44:37,401 INFO  [main] RequestMappingHandlerMapping: Mapped "{[/test/view],methods=[POST]}" onto public com.dev.mgm.bean.User com.dev.mgm.Test.view()
2017-12-14 23:44:37,401 INFO  [main] RequestMappingHandlerMapping: Mapped "{[/test/register]}" onto public com.dev.mgm.bean.MessageBean com.dev.mgm.Test.registerUser()
2017-12-14 23:44:37,401 INFO  [main] RequestMappingHandlerMapping: Mapped "{[/test/viewall],methods=[GET]}" onto public java.util.List<com.dev.mgm.bean.User> com.dev.mgm.Test.viewAll()
2017-12-14 23:44:37,402 INFO  [main] RequestMappingHandlerMapping: Mapped "{[/test/check/{device_id}]}" onto public com.dev.mgm.bean.Device com.dev.mgm.Test.checkDeviceStatus(java.lang.String)
2017-12-14 23:44:37,402 INFO  [main] RequestMappingHandlerMapping: Mapped "{[/test/send],methods=[POST]}" onto public java.lang.String com.dev.mgm.Test.register(com.dev.mgm.bean.User)
2017-12-14 23:44:37,405 INFO  [main] RequestMappingHandlerMapping: Mapped "{[/error],produces=[text/html]}" onto public org.springframework.web.servlet.ModelAndView org.springframework.boot.autoconfigure.web.BasicErrorController.errorHtml(javax.servlet.http.HttpServletRequest,javax.servlet.http.HttpServletResponse)
2017-12-14 23:44:37,405 INFO  [main] RequestMappingHandlerMapping: Mapped "{[/error]}" onto public org.springframework.http.ResponseEntity<java.util.Map<java.lang.String, java.lang.Object>> org.springframework.boot.autoconfigure.web.BasicErrorController.error(javax.servlet.http.HttpServletRequest)
2017-12-14 23:44:37,436 INFO  [main] SimpleUrlHandlerMapping: Mapped URL path [/webjars/**] onto handler of type [class org.springframework.web.servlet.resource.ResourceHttpRequestHandler]
2017-12-14 23:44:37,436 INFO  [main] SimpleUrlHandlerMapping: Mapped URL path [/**] onto handler of type [class org.springframework.web.servlet.resource.ResourceHttpRequestHandler]
2017-12-14 23:44:37,473 INFO  [main] SimpleUrlHandlerMapping: Mapped URL path [/**/favicon.ico] onto handler of type [class org.springframework.web.servlet.resource.ResourceHttpRequestHandler]
2017-12-14 23:44:37,624 INFO  [main] AnnotationMBeanExporter: Registering beans for JMX exposure on startup
2017-12-14 23:44:37,645 INFO  [main] Http11NioProtocol: Initializing ProtocolHandler ["http-nio-8082"]
2017-12-14 23:44:37,654 INFO  [main] Http11NioProtocol: Starting ProtocolHandler ["http-nio-8082"]
2017-12-14 23:44:37,660 INFO  [main] NioSelectorPool: Using a shared selector for servlet write/read
2017-12-14 23:44:37,676 INFO  [main] TomcatEmbeddedServletContainer: Tomcat started on port(s): 8082 (http)
2017-12-14 23:44:37,683 INFO  [main] DevicemanagementApplication: Started DevicemanagementApplication in 3.08 seconds (JVM running for 4.011)
2017-12-14 23:44:40,739 INFO  [http-nio-8082-exec-1] [/]: Initializing Spring FrameworkServlet 'dispatcherServlet'
2017-12-14 23:44:40,739 INFO  [http-nio-8082-exec-1] DispatcherServlet: FrameworkServlet 'dispatcherServlet': initialization started
2017-12-14 23:44:40,757 INFO  [http-nio-8082-exec-1] DispatcherServlet: FrameworkServlet 'dispatcherServlet': initialization completed in 18 ms
2017-12-14 23:44:40,992 INFO  [http-nio-8082-exec-1] Version: HHH000412: Hibernate Core {5.2.12.Final}
2017-12-14 23:44:40,995 INFO  [http-nio-8082-exec-1] Environment: HHH000206: hibernate.properties not found
2017-12-14 23:44:41,374 INFO  [http-nio-8082-exec-1] MySessionFactory: Hibernate Configuration file loaded Successfully
2017-12-14 23:44:41,407 INFO  [http-nio-8082-exec-1] Version: HCANN000001: Hibernate Commons Annotations {5.0.1.Final}
2017-12-14 23:44:41,488 WARN  [http-nio-8082-exec-1] pooling: HHH10001002: Using Hibernate built-in connection pool (not for production use!)
2017-12-14 23:44:41,489 INFO  [http-nio-8082-exec-1] pooling: HHH10001005: using driver [com.mysql.jdbc.Driver] at URL [jdbc:mysql://localhost:3306/devicemgm]
2017-12-14 23:44:41,490 INFO  [http-nio-8082-exec-1] pooling: HHH10001001: Connection properties: {user=root, password=****}
2017-12-14 23:44:41,490 INFO  [http-nio-8082-exec-1] pooling: HHH10001003: Autocommit mode: false
2017-12-14 23:44:41,493 INFO  [http-nio-8082-exec-1] DriverManagerConnectionProviderImpl: HHH000115: Hibernate connection pool size: 10 (min=1)
2017-12-14 23:44:41,521 INFO  [http-nio-8082-exec-1] Dialect: HHH000400: Using dialect: org.hibernate.dialect.MySQL5Dialect
2017-12-14 23:44:41,558 INFO  [http-nio-8082-exec-1] LobCreatorBuilderImpl: HHH000423: Disabling contextual LOB creation as JDBC driver reported JDBC version [3] less than 4
2017-12-14 23:44:42,001 INFO  [http-nio-8082-exec-1] access: HHH10001501: Connection obtained from JdbcConnectionAccess [org.hibernate.engine.jdbc.env.internal.JdbcEnvironmentInitiator$ConnectionProviderJdbcConnectionAccess@6a2349bb] for (non-JTA) DDL execution was not in auto-commit mode; the Connection 'local transaction' will be committed and the Connection will be set into auto-commit mode.
2017-12-14 23:44:42,037 INFO  [http-nio-8082-exec-1] MySessionFactory: Session factory object created
2017-12-14 23:44:42,037 INFO  [http-nio-8082-exec-1] MySessionFactory: session factory call
2017-12-14 23:44:42,143 INFO  [http-nio-8082-exec-1] UserDAO: Device found UNREGISTER
2017-12-14 23:44:42,144 INFO  [http-nio-8082-exec-1] MySessionFactory: session factory call
2017-12-14 23:44:42,148 INFO  [http-nio-8082-exec-1] MySessionFactory: session factory call
