2017-12-14 23:18:06,487 INFO  [http-nio-8082-exec-1] [/]: Initializing Spring FrameworkServlet 'dispatcherServlet'
2017-12-14 23:18:06,491 INFO  [http-nio-8082-exec-1] DispatcherServlet: FrameworkServlet 'dispatcherServlet': initialization started
2017-12-14 23:18:06,516 INFO  [http-nio-8082-exec-1] DispatcherServlet: FrameworkServlet 'dispatcherServlet': initialization completed in 24 ms
2017-12-14 23:18:06,721 INFO  [http-nio-8082-exec-1] Version: HHH000412: Hibernate Core {5.2.12.Final}
2017-12-14 23:18:06,724 INFO  [http-nio-8082-exec-1] Environment: HHH000206: hibernate.properties not found
2017-12-14 23:18:07,069 INFO  [http-nio-8082-exec-1] MySessionFactory: Hibernate Configuration file loaded Successfully
2017-12-14 23:18:07,099 INFO  [http-nio-8082-exec-1] Version: HCANN000001: Hibernate Commons Annotations {5.0.1.Final}
2017-12-14 23:18:07,173 WARN  [http-nio-8082-exec-1] pooling: HHH10001002: Using Hibernate built-in connection pool (not for production use!)
2017-12-14 23:18:07,174 INFO  [http-nio-8082-exec-1] pooling: HHH10001005: using driver [com.mysql.jdbc.Driver] at URL [jdbc:mysql://localhost:3306/devicemgm]
2017-12-14 23:18:07,175 INFO  [http-nio-8082-exec-1] pooling: HHH10001001: Connection properties: {user=root, password=****}
2017-12-14 23:18:07,175 INFO  [http-nio-8082-exec-1] pooling: HHH10001003: Autocommit mode: false
2017-12-14 23:18:07,177 INFO  [http-nio-8082-exec-1] DriverManagerConnectionProviderImpl: HHH000115: Hibernate connection pool size: 10 (min=1)
2017-12-14 23:18:07,203 INFO  [http-nio-8082-exec-1] Dialect: HHH000400: Using dialect: org.hibernate.dialect.MySQL5Dialect
2017-12-14 23:18:07,234 INFO  [http-nio-8082-exec-1] LobCreatorBuilderImpl: HHH000423: Disabling contextual LOB creation as JDBC driver reported JDBC version [3] less than 4
2017-12-14 23:18:07,667 INFO  [http-nio-8082-exec-1] access: HHH10001501: Connection obtained from JdbcConnectionAccess [org.hibernate.engine.jdbc.env.internal.JdbcEnvironmentInitiator$ConnectionProviderJdbcConnectionAccess@3f333a42] for (non-JTA) DDL execution was not in auto-commit mode; the Connection 'local transaction' will be committed and the Connection will be set into auto-commit mode.
2017-12-14 23:18:07,707 INFO  [http-nio-8082-exec-1] MySessionFactory: Session factory object created
2017-12-14 23:18:07,707 INFO  [http-nio-8082-exec-1] MySessionFactory: session factory call
2017-12-14 23:18:07,807 INFO  [http-nio-8082-exec-1] UserDAO: Device found
2017-12-14 23:18:07,807 INFO  [http-nio-8082-exec-1] MySessionFactory: session factory call
2017-12-14 23:18:07,811 INFO  [http-nio-8082-exec-1] MySessionFactory: session factory call
2017-12-14 23:18:42,780 INFO  [http-nio-8082-exec-2] MySessionFactory: session factory call
2017-12-14 23:18:42,784 INFO  [http-nio-8082-exec-2] UserDAO: Device found
2017-12-14 23:18:42,785 INFO  [http-nio-8082-exec-2] MySessionFactory: session factory call
2017-12-14 23:18:42,785 INFO  [http-nio-8082-exec-2] MySessionFactory: session factory call
2017-12-14 23:18:43,923 INFO  [http-nio-8082-exec-3] MySessionFactory: session factory call
2017-12-14 23:18:43,926 INFO  [http-nio-8082-exec-3] UserDAO: Device found
2017-12-14 23:18:43,926 INFO  [http-nio-8082-exec-3] MySessionFactory: session factory call
2017-12-14 23:18:43,927 INFO  [http-nio-8082-exec-3] MySessionFactory: session factory call
2017-12-14 23:18:45,020 INFO  [http-nio-8082-exec-4] MySessionFactory: session factory call
2017-12-14 23:18:45,025 INFO  [http-nio-8082-exec-4] UserDAO: Device found
2017-12-14 23:18:45,025 INFO  [http-nio-8082-exec-4] MySessionFactory: session factory call
2017-12-14 23:18:45,026 INFO  [http-nio-8082-exec-4] MySessionFactory: session factory call
