2017-12-11 16:36:48,847 INFO  [main] DevicemanagementApplication: Starting DevicemanagementApplication on ranjit-vostro-1540 with PID 3695 (/home/ranjit/Documents/DeviceMGM/devicemanagement/target/classes started by ranjit in /home/ranjit/Documents/DeviceMGM/devicemanagement)
2017-12-11 16:36:48,871 INFO  [main] DevicemanagementApplication: No active profile set, falling back to default profiles: default
2017-12-11 16:36:49,107 INFO  [main] AnnotationConfigEmbeddedWebApplicationContext: Refreshing org.springframework.boot.context.embedded.AnnotationConfigEmbeddedWebApplicationContext@6c40365c: startup date [Mon Dec 11 16:36:49 IST 2017]; root of context hierarchy
2017-12-11 16:36:49,750 INFO  [background-preinit] Version: HV000001: Hibernate Validator 5.2.5.Final
2017-12-11 16:36:52,586 INFO  [main] TomcatEmbeddedServletContainer: Tomcat initialized with port(s): 8081 (http)
2017-12-11 16:36:52,627 INFO  [main] StandardService: Starting service [Tomcat]
2017-12-11 16:36:52,630 INFO  [main] StandardEngine: Starting Servlet Engine: Apache Tomcat/8.5.15
2017-12-11 16:36:52,959 INFO  [localhost-startStop-1] [/]: Initializing Spring embedded WebApplicationContext
2017-12-11 16:36:52,960 INFO  [localhost-startStop-1] ContextLoader: Root WebApplicationContext: initialization completed in 3854 ms
2017-12-11 16:36:53,609 INFO  [localhost-startStop-1] ServletRegistrationBean: Mapping servlet: 'dispatcherServlet' to [/]
2017-12-11 16:36:53,622 INFO  [localhost-startStop-1] FilterRegistrationBean: Mapping filter: 'characterEncodingFilter' to: [/*]
2017-12-11 16:36:53,624 INFO  [localhost-startStop-1] FilterRegistrationBean: Mapping filter: 'hiddenHttpMethodFilter' to: [/*]
2017-12-11 16:36:53,624 INFO  [localhost-startStop-1] FilterRegistrationBean: Mapping filter: 'httpPutFormContentFilter' to: [/*]
2017-12-11 16:36:53,624 INFO  [localhost-startStop-1] FilterRegistrationBean: Mapping filter: 'requestContextFilter' to: [/*]
2017-12-11 16:36:54,793 INFO  [main] RequestMappingHandlerAdapter: Looking for @ControllerAdvice: org.springframework.boot.context.embedded.AnnotationConfigEmbeddedWebApplicationContext@6c40365c: startup date [Mon Dec 11 16:36:49 IST 2017]; root of context hierarchy
2017-12-11 16:36:55,025 INFO  [main] RequestMappingHandlerMapping: Mapped "{[/deregister/{device_id}]}" onto public com.dev.mgm.bean.MessageBean com.dev.mgm.DeviceMgmServices.deRegister(java.lang.String)
2017-12-11 16:36:55,029 INFO  [main] RequestMappingHandlerMapping: Mapped "{[/register],methods=[POST]}" onto public com.dev.mgm.bean.MessageBean com.dev.mgm.DeviceMgmServices.registerUser(com.dev.mgm.bean.User)
2017-12-11 16:36:55,030 INFO  [main] RequestMappingHandlerMapping: Mapped "{[/check/{device_id}]}" onto public com.dev.mgm.bean.Device com.dev.mgm.DeviceMgmServices.checkDeviceStatus(java.lang.String)
2017-12-11 16:36:55,038 INFO  [main] RequestMappingHandlerMapping: Mapped "{[/test/view],methods=[POST]}" onto public com.dev.mgm.bean.User com.dev.mgm.Test.view()
2017-12-11 16:36:55,041 INFO  [main] RequestMappingHandlerMapping: Mapped "{[/test/viewall],methods=[GET]}" onto public java.util.List<com.dev.mgm.bean.User> com.dev.mgm.Test.viewAll()
2017-12-11 16:36:55,042 INFO  [main] RequestMappingHandlerMapping: Mapped "{[/test/register]}" onto public com.dev.mgm.bean.MessageBean com.dev.mgm.Test.registerUser()
2017-12-11 16:36:55,043 INFO  [main] RequestMappingHandlerMapping: Mapped "{[/test/check/{device_id}]}" onto public com.dev.mgm.bean.Device com.dev.mgm.Test.checkDeviceStatus(java.lang.String)
2017-12-11 16:36:55,043 INFO  [main] RequestMappingHandlerMapping: Mapped "{[/test/send],methods=[POST]}" onto public java.lang.String com.dev.mgm.Test.register(com.dev.mgm.bean.User)
2017-12-11 16:36:55,048 INFO  [main] RequestMappingHandlerMapping: Mapped "{[/error],produces=[text/html]}" onto public org.springframework.web.servlet.ModelAndView org.springframework.boot.autoconfigure.web.BasicErrorController.errorHtml(javax.servlet.http.HttpServletRequest,javax.servlet.http.HttpServletResponse)
2017-12-11 16:36:55,050 INFO  [main] RequestMappingHandlerMapping: Mapped "{[/error]}" onto public org.springframework.http.ResponseEntity<java.util.Map<java.lang.String, java.lang.Object>> org.springframework.boot.autoconfigure.web.BasicErrorController.error(javax.servlet.http.HttpServletRequest)
2017-12-11 16:36:55,153 INFO  [main] SimpleUrlHandlerMapping: Mapped URL path [/webjars/**] onto handler of type [class org.springframework.web.servlet.resource.ResourceHttpRequestHandler]
2017-12-11 16:36:55,153 INFO  [main] SimpleUrlHandlerMapping: Mapped URL path [/**] onto handler of type [class org.springframework.web.servlet.resource.ResourceHttpRequestHandler]
2017-12-11 16:36:55,276 INFO  [main] SimpleUrlHandlerMapping: Mapped URL path [/**/favicon.ico] onto handler of type [class org.springframework.web.servlet.resource.ResourceHttpRequestHandler]
2017-12-11 16:36:56,003 INFO  [main] AnnotationMBeanExporter: Registering beans for JMX exposure on startup
2017-12-11 16:36:56,065 INFO  [main] Http11NioProtocol: Initializing ProtocolHandler ["http-nio-8081"]
2017-12-11 16:36:56,105 INFO  [main] Http11NioProtocol: Starting ProtocolHandler ["http-nio-8081"]
2017-12-11 16:36:56,125 INFO  [main] NioSelectorPool: Using a shared selector for servlet write/read
2017-12-11 16:36:56,196 INFO  [main] TomcatEmbeddedServletContainer: Tomcat started on port(s): 8081 (http)
2017-12-11 16:36:56,224 INFO  [main] DevicemanagementApplication: Started DevicemanagementApplication in 8.07 seconds (JVM running for 9.348)
