2017-12-15 00:55:08,992 INFO  [RMI TCP Connection(2)-127.0.0.1] SpringApplicationAdminMXBeanRegistrar$SpringApplicationAdmin: Application shutdown requested.
2017-12-15 00:55:08,994 INFO  [RMI TCP Connection(2)-127.0.0.1] AnnotationConfigEmbeddedWebApplicationContext: Closing org.springframework.boot.context.embedded.AnnotationConfigEmbeddedWebApplicationContext@6adbc9d: startup date [Fri Dec 15 00:51:12 IST 2017]; root of context hierarchy
2017-12-15 00:55:08,997 INFO  [RMI TCP Connection(2)-127.0.0.1] AnnotationMBeanExporter: Unregistering JMX-exposed beans on shutdown
2017-12-15 00:55:26,265 INFO  [main] DevicemanagementApplication: Starting DevicemanagementApplication on ranjit-vostro-1540 with PID 10390 (/home/ranjit/Documents/DeviceMGM/devicemanagement/target/classes started by ranjit in /home/ranjit/Documents/DeviceMGM/devicemanagement)
2017-12-15 00:55:26,270 INFO  [main] DevicemanagementApplication: No active profile set, falling back to default profiles: default
2017-12-15 00:55:26,344 INFO  [main] AnnotationConfigEmbeddedWebApplicationContext: Refreshing org.springframework.boot.context.embedded.AnnotationConfigEmbeddedWebApplicationContext@6adbc9d: startup date [Fri Dec 15 00:55:26 IST 2017]; root of context hierarchy
2017-12-15 00:55:26,460 INFO  [background-preinit] Version: HV000001: Hibernate Validator 5.2.5.Final
2017-12-15 00:55:27,991 INFO  [main] TomcatEmbeddedServletContainer: Tomcat initialized with port(s): 8082 (http)
2017-12-15 00:55:28,005 INFO  [main] StandardService: Starting service [Tomcat]
2017-12-15 00:55:28,007 INFO  [main] StandardEngine: Starting Servlet Engine: Apache Tomcat/8.5.15
2017-12-15 00:55:28,128 INFO  [localhost-startStop-1] [/]: Initializing Spring embedded WebApplicationContext
2017-12-15 00:55:28,129 INFO  [localhost-startStop-1] ContextLoader: Root WebApplicationContext: initialization completed in 1785 ms
2017-12-15 00:55:28,338 INFO  [localhost-startStop-1] ServletRegistrationBean: Mapping servlet: 'dispatcherServlet' to [/]
2017-12-15 00:55:28,343 INFO  [localhost-startStop-1] FilterRegistrationBean: Mapping filter: 'characterEncodingFilter' to: [/*]
2017-12-15 00:55:28,344 INFO  [localhost-startStop-1] FilterRegistrationBean: Mapping filter: 'hiddenHttpMethodFilter' to: [/*]
2017-12-15 00:55:28,344 INFO  [localhost-startStop-1] FilterRegistrationBean: Mapping filter: 'httpPutFormContentFilter' to: [/*]
2017-12-15 00:55:28,344 INFO  [localhost-startStop-1] FilterRegistrationBean: Mapping filter: 'requestContextFilter' to: [/*]
2017-12-15 00:55:28,701 INFO  [main] RequestMappingHandlerAdapter: Looking for @ControllerAdvice: org.springframework.boot.context.embedded.AnnotationConfigEmbeddedWebApplicationContext@6adbc9d: startup date [Fri Dec 15 00:55:26 IST 2017]; root of context hierarchy
2017-12-15 00:55:28,771 INFO  [main] RequestMappingHandlerMapping: Mapped "{[/register],methods=[POST]}" onto public com.dev.mgm.bean.MessageBean com.dev.mgm.DeviceMgmServices.registerUser(com.dev.mgm.bean.User)
2017-12-15 00:55:28,773 INFO  [main] RequestMappingHandlerMapping: Mapped "{[/check/{device_id}]}" onto public com.dev.mgm.bean.Device com.dev.mgm.DeviceMgmServices.checkDeviceStatus(java.lang.String)
2017-12-15 00:55:28,773 INFO  [main] RequestMappingHandlerMapping: Mapped "{[/deregister/{device_id}]}" onto public com.dev.mgm.bean.MessageBean com.dev.mgm.DeviceMgmServices.deRegister(java.lang.String)
2017-12-15 00:55:28,777 INFO  [main] RequestMappingHandlerMapping: Mapped "{[/test/view],methods=[POST]}" onto public com.dev.mgm.bean.User com.dev.mgm.Test.view()
2017-12-15 00:55:28,778 INFO  [main] RequestMappingHandlerMapping: Mapped "{[/test/register]}" onto public com.dev.mgm.bean.MessageBean com.dev.mgm.Test.registerUser()
2017-12-15 00:55:28,779 INFO  [main] RequestMappingHandlerMapping: Mapped "{[/test/viewall],methods=[GET]}" onto public java.util.List<com.dev.mgm.bean.User> com.dev.mgm.Test.viewAll()
2017-12-15 00:55:28,780 INFO  [main] RequestMappingHandlerMapping: Mapped "{[/test/check/{device_id}]}" onto public com.dev.mgm.bean.Device com.dev.mgm.Test.checkDeviceStatus(java.lang.String)
2017-12-15 00:55:28,780 INFO  [main] RequestMappingHandlerMapping: Mapped "{[/test/send],methods=[POST]}" onto public java.lang.String com.dev.mgm.Test.register(com.dev.mgm.bean.User)
2017-12-15 00:55:28,783 INFO  [main] RequestMappingHandlerMapping: Mapped "{[/error],produces=[text/html]}" onto public org.springframework.web.servlet.ModelAndView org.springframework.boot.autoconfigure.web.BasicErrorController.errorHtml(javax.servlet.http.HttpServletRequest,javax.servlet.http.HttpServletResponse)
2017-12-15 00:55:28,784 INFO  [main] RequestMappingHandlerMapping: Mapped "{[/error]}" onto public org.springframework.http.ResponseEntity<java.util.Map<java.lang.String, java.lang.Object>> org.springframework.boot.autoconfigure.web.BasicErrorController.error(javax.servlet.http.HttpServletRequest)
2017-12-15 00:55:28,822 INFO  [main] SimpleUrlHandlerMapping: Mapped URL path [/webjars/**] onto handler of type [class org.springframework.web.servlet.resource.ResourceHttpRequestHandler]
2017-12-15 00:55:28,823 INFO  [main] SimpleUrlHandlerMapping: Mapped URL path [/**] onto handler of type [class org.springframework.web.servlet.resource.ResourceHttpRequestHandler]
2017-12-15 00:55:28,882 INFO  [main] SimpleUrlHandlerMapping: Mapped URL path [/**/favicon.ico] onto handler of type [class org.springframework.web.servlet.resource.ResourceHttpRequestHandler]
2017-12-15 00:55:29,059 INFO  [main] AnnotationMBeanExporter: Registering beans for JMX exposure on startup
2017-12-15 00:55:29,084 INFO  [main] Http11NioProtocol: Initializing ProtocolHandler ["http-nio-8082"]
2017-12-15 00:55:29,095 INFO  [main] Http11NioProtocol: Starting ProtocolHandler ["http-nio-8082"]
2017-12-15 00:55:29,101 INFO  [main] NioSelectorPool: Using a shared selector for servlet write/read
2017-12-15 00:55:29,120 INFO  [main] TomcatEmbeddedServletContainer: Tomcat started on port(s): 8082 (http)
2017-12-15 00:55:29,128 INFO  [main] DevicemanagementApplication: Started DevicemanagementApplication in 3.252 seconds (JVM running for 4.409)
2017-12-15 00:55:52,009 INFO  [http-nio-8082-exec-1] [/]: Initializing Spring FrameworkServlet 'dispatcherServlet'
2017-12-15 00:55:52,009 INFO  [http-nio-8082-exec-1] DispatcherServlet: FrameworkServlet 'dispatcherServlet': initialization started
2017-12-15 00:55:52,024 INFO  [http-nio-8082-exec-1] DispatcherServlet: FrameworkServlet 'dispatcherServlet': initialization completed in 15 ms
2017-12-15 00:55:52,196 INFO  [http-nio-8082-exec-1] Version: HHH000412: Hibernate Core {5.2.12.Final}
2017-12-15 00:55:52,198 INFO  [http-nio-8082-exec-1] Environment: HHH000206: hibernate.properties not found
2017-12-15 00:55:52,464 INFO  [http-nio-8082-exec-1] MySessionFactory: Hibernate Configuration file loaded Successfully
2017-12-15 00:55:52,507 INFO  [http-nio-8082-exec-1] Version: HCANN000001: Hibernate Commons Annotations {5.0.1.Final}
2017-12-15 00:55:52,796 WARN  [http-nio-8082-exec-1] pooling: HHH10001002: Using Hibernate built-in connection pool (not for production use!)
2017-12-15 00:55:52,797 INFO  [http-nio-8082-exec-1] pooling: HHH10001005: using driver [com.mysql.jdbc.Driver] at URL [jdbc:mysql://localhost:3306/devicemgm]
2017-12-15 00:55:52,798 INFO  [http-nio-8082-exec-1] pooling: HHH10001001: Connection properties: {user=root, password=****}
2017-12-15 00:55:52,798 INFO  [http-nio-8082-exec-1] pooling: HHH10001003: Autocommit mode: false
2017-12-15 00:55:52,802 INFO  [http-nio-8082-exec-1] DriverManagerConnectionProviderImpl: HHH000115: Hibernate connection pool size: 10 (min=1)
2017-12-15 00:55:52,843 INFO  [http-nio-8082-exec-1] Dialect: HHH000400: Using dialect: org.hibernate.dialect.MySQL5Dialect
2017-12-15 00:55:52,895 INFO  [http-nio-8082-exec-1] LobCreatorBuilderImpl: HHH000423: Disabling contextual LOB creation as JDBC driver reported JDBC version [3] less than 4
2017-12-15 00:55:53,467 INFO  [http-nio-8082-exec-1] access: HHH10001501: Connection obtained from JdbcConnectionAccess [org.hibernate.engine.jdbc.env.internal.JdbcEnvironmentInitiator$ConnectionProviderJdbcConnectionAccess@b7492e3] for (non-JTA) DDL execution was not in auto-commit mode; the Connection 'local transaction' will be committed and the Connection will be set into auto-commit mode.
2017-12-15 00:55:53,508 INFO  [http-nio-8082-exec-1] MySessionFactory: Session factory object created
2017-12-15 00:55:53,508 INFO  [http-nio-8082-exec-1] MySessionFactory: session factory call
2017-12-15 00:55:53,633 INFO  [http-nio-8082-exec-1] UserDAO: Deivce found
2017-12-15 00:55:53,645 INFO  [http-nio-8082-exec-1] MySessionFactory: session factory call
2017-12-15 00:55:53,648 WARN  [http-nio-8082-exec-1] deprecation: HHH90000022: Hibernate's legacy org.hibernate.Criteria API is deprecated; use the JPA javax.persistence.criteria.CriteriaQuery instead
2017-12-15 00:55:53,683 INFO  [http-nio-8082-exec-1] UserDAO: user deleted successfully
2017-12-15 00:55:53,704 INFO  [http-nio-8082-exec-1] MySessionFactory: session factory call
2017-12-15 00:55:53,708 INFO  [http-nio-8082-exec-1] UserDAO: Deivce found
2017-12-15 00:55:53,709 INFO  [http-nio-8082-exec-1] MySessionFactory: session factory call
2017-12-15 00:55:53,710 WARN  [http-nio-8082-exec-1] deprecation: HHH90000022: Hibernate's legacy org.hibernate.Criteria API is deprecated; use the JPA javax.persistence.criteria.CriteriaQuery instead
2017-12-15 00:55:53,712 INFO  [http-nio-8082-exec-1] UserDAO: device not found
