2017-12-14 23:14:29,828 INFO  [http-nio-8082-exec-1] [/]: Initializing Spring FrameworkServlet 'dispatcherServlet'
2017-12-14 23:14:29,831 INFO  [http-nio-8082-exec-1] DispatcherServlet: FrameworkServlet 'dispatcherServlet': initialization started
2017-12-14 23:14:29,853 INFO  [http-nio-8082-exec-1] DispatcherServlet: FrameworkServlet 'dispatcherServlet': initialization completed in 22 ms
2017-12-14 23:14:30,096 INFO  [http-nio-8082-exec-1] Version: HHH000412: Hibernate Core {5.2.12.Final}
2017-12-14 23:14:30,099 INFO  [http-nio-8082-exec-1] Environment: HHH000206: hibernate.properties not found
2017-12-14 23:14:30,453 INFO  [http-nio-8082-exec-1] MySessionFactory: Hibernate Configuration file loaded Successfully
2017-12-14 23:14:30,487 INFO  [http-nio-8082-exec-1] Version: HCANN000001: Hibernate Commons Annotations {5.0.1.Final}
2017-12-14 23:14:30,571 WARN  [http-nio-8082-exec-1] pooling: HHH10001002: Using Hibernate built-in connection pool (not for production use!)
2017-12-14 23:14:30,572 INFO  [http-nio-8082-exec-1] pooling: HHH10001005: using driver [com.mysql.jdbc.Driver] at URL [jdbc:mysql://localhost:3306/devicemgm]
2017-12-14 23:14:30,572 INFO  [http-nio-8082-exec-1] pooling: HHH10001001: Connection properties: {user=root, password=****}
2017-12-14 23:14:30,572 INFO  [http-nio-8082-exec-1] pooling: HHH10001003: Autocommit mode: false
2017-12-14 23:14:30,575 INFO  [http-nio-8082-exec-1] DriverManagerConnectionProviderImpl: HHH000115: Hibernate connection pool size: 10 (min=1)
2017-12-14 23:14:30,601 INFO  [http-nio-8082-exec-1] Dialect: HHH000400: Using dialect: org.hibernate.dialect.MySQL5Dialect
2017-12-14 23:14:30,637 INFO  [http-nio-8082-exec-1] LobCreatorBuilderImpl: HHH000423: Disabling contextual LOB creation as JDBC driver reported JDBC version [3] less than 4
2017-12-14 23:14:31,082 INFO  [http-nio-8082-exec-1] access: HHH10001501: Connection obtained from JdbcConnectionAccess [org.hibernate.engine.jdbc.env.internal.JdbcEnvironmentInitiator$ConnectionProviderJdbcConnectionAccess@3f333a42] for (non-JTA) DDL execution was not in auto-commit mode; the Connection 'local transaction' will be committed and the Connection will be set into auto-commit mode.
2017-12-14 23:14:31,122 INFO  [http-nio-8082-exec-1] MySessionFactory: Session factory object created
2017-12-14 23:14:31,123 INFO  [http-nio-8082-exec-1] MySessionFactory: session factory call
2017-12-14 23:14:31,230 INFO  [http-nio-8082-exec-1] UserDAO: Device found
2017-12-14 23:14:31,231 INFO  [http-nio-8082-exec-1] MySessionFactory: session factory call
2017-12-14 23:14:31,234 INFO  [http-nio-8082-exec-1] MySessionFactory: session factory call
