2017-12-15 17:47:01,129 INFO  [http-nio-8082-exec-1] [/]: Initializing Spring FrameworkServlet 'dispatcherServlet'
2017-12-15 17:47:01,133 INFO  [http-nio-8082-exec-1] DispatcherServlet: FrameworkServlet 'dispatcherServlet': initialization started
2017-12-15 17:47:01,156 INFO  [http-nio-8082-exec-1] DispatcherServlet: FrameworkServlet 'dispatcherServlet': initialization completed in 23 ms
2017-12-15 17:47:01,313 INFO  [http-nio-8082-exec-1] Version: HHH000412: Hibernate Core {5.2.12.Final}
2017-12-15 17:47:01,316 INFO  [http-nio-8082-exec-1] Environment: HHH000206: hibernate.properties not found
2017-12-15 17:47:01,602 INFO  [http-nio-8082-exec-1] MySessionFactory: Hibernate Configuration file loaded Successfully
2017-12-15 17:47:01,634 INFO  [http-nio-8082-exec-1] Version: HCANN000001: Hibernate Commons Annotations {5.0.1.Final}
2017-12-15 17:47:01,849 WARN  [http-nio-8082-exec-1] pooling: HHH10001002: Using Hibernate built-in connection pool (not for production use!)
2017-12-15 17:47:01,850 INFO  [http-nio-8082-exec-1] pooling: HHH10001005: using driver [com.mysql.jdbc.Driver] at URL [jdbc:mysql://localhost:3306/devicemgm]
2017-12-15 17:47:01,850 INFO  [http-nio-8082-exec-1] pooling: HHH10001001: Connection properties: {user=root, password=****}
2017-12-15 17:47:01,850 INFO  [http-nio-8082-exec-1] pooling: HHH10001003: Autocommit mode: false
2017-12-15 17:47:01,853 INFO  [http-nio-8082-exec-1] DriverManagerConnectionProviderImpl: HHH000115: Hibernate connection pool size: 10 (min=1)
2017-12-15 17:47:01,968 INFO  [http-nio-8082-exec-1] Dialect: HHH000400: Using dialect: org.hibernate.dialect.MySQL5Dialect
2017-12-15 17:47:02,005 INFO  [http-nio-8082-exec-1] LobCreatorBuilderImpl: HHH000423: Disabling contextual LOB creation as JDBC driver reported JDBC version [3] less than 4
2017-12-15 17:47:02,474 INFO  [http-nio-8082-exec-1] access: HHH10001501: Connection obtained from JdbcConnectionAccess [org.hibernate.engine.jdbc.env.internal.JdbcEnvironmentInitiator$ConnectionProviderJdbcConnectionAccess@6e016d4e] for (non-JTA) DDL execution was not in auto-commit mode; the Connection 'local transaction' will be committed and the Connection will be set into auto-commit mode.
2017-12-15 17:47:02,515 INFO  [http-nio-8082-exec-1] MySessionFactory: Session factory object created
2017-12-15 17:47:02,515 INFO  [http-nio-8082-exec-1] MySessionFactory: session factory call
2017-12-15 17:47:02,619 INFO  [http-nio-8082-exec-1] UserDAO: Checking Validity
2017-12-15 17:47:02,620 INFO  [http-nio-8082-exec-1] UserDAO: Deivce status found
2017-12-15 17:47:48,875 INFO  [http-nio-8082-exec-2] MySessionFactory: session factory call
2017-12-15 17:47:48,879 INFO  [http-nio-8082-exec-2] UserDAO: Checking Validity
2017-12-15 17:47:48,880 INFO  [http-nio-8082-exec-2] UserDAO: Deivce status found
