2017-12-20 16:37:21,420 INFO  [RMI TCP Connection(2)-127.0.0.1] SpringApplicationAdminMXBeanRegistrar$SpringApplicationAdmin: Application shutdown requested.
2017-12-20 16:37:21,423 INFO  [RMI TCP Connection(2)-127.0.0.1] AnnotationConfigEmbeddedWebApplicationContext: Closing org.springframework.boot.context.embedded.AnnotationConfigEmbeddedWebApplicationContext@1b7cc17c: startup date [Wed Dec 20 16:26:24 IST 2017]; root of context hierarchy
2017-12-20 16:37:21,426 INFO  [RMI TCP Connection(2)-127.0.0.1] AnnotationMBeanExporter: Unregistering JMX-exposed beans on shutdown
2017-12-20 16:37:38,444 INFO  [main] DevicemanagementApplication: Starting DevicemanagementApplication on ranjit-vostro-1540 with PID 7443 (/home/ranjit/Documents/DeviceMGM/devicemanagement/target/classes started by ranjit in /home/ranjit/Documents/DeviceMGM/devicemanagement)
2017-12-20 16:37:38,447 INFO  [main] DevicemanagementApplication: No active profile set, falling back to default profiles: default
2017-12-20 16:37:38,513 INFO  [main] AnnotationConfigEmbeddedWebApplicationContext: Refreshing org.springframework.boot.context.embedded.AnnotationConfigEmbeddedWebApplicationContext@1a482e36: startup date [Wed Dec 20 16:37:38 IST 2017]; root of context hierarchy
2017-12-20 16:37:38,594 INFO  [background-preinit] Version: HV000001: Hibernate Validator 5.2.5.Final
2017-12-20 16:37:40,049 INFO  [main] TomcatEmbeddedServletContainer: Tomcat initialized with port(s): 8082 (http)
2017-12-20 16:37:40,063 INFO  [main] StandardService: Starting service [Tomcat]
2017-12-20 16:37:40,064 INFO  [main] StandardEngine: Starting Servlet Engine: Apache Tomcat/8.5.15
2017-12-20 16:37:40,162 INFO  [localhost-startStop-1] [/]: Initializing Spring embedded WebApplicationContext
2017-12-20 16:37:40,162 INFO  [localhost-startStop-1] ContextLoader: Root WebApplicationContext: initialization completed in 1649 ms
2017-12-20 16:37:40,326 INFO  [localhost-startStop-1] ServletRegistrationBean: Mapping servlet: 'dispatcherServlet' to [/]
2017-12-20 16:37:40,330 INFO  [localhost-startStop-1] FilterRegistrationBean: Mapping filter: 'characterEncodingFilter' to: [/*]
2017-12-20 16:37:40,331 INFO  [localhost-startStop-1] FilterRegistrationBean: Mapping filter: 'hiddenHttpMethodFilter' to: [/*]
2017-12-20 16:37:40,332 INFO  [localhost-startStop-1] FilterRegistrationBean: Mapping filter: 'httpPutFormContentFilter' to: [/*]
2017-12-20 16:37:40,332 INFO  [localhost-startStop-1] FilterRegistrationBean: Mapping filter: 'requestContextFilter' to: [/*]
2017-12-20 16:37:40,650 INFO  [main] RequestMappingHandlerAdapter: Looking for @ControllerAdvice: org.springframework.boot.context.embedded.AnnotationConfigEmbeddedWebApplicationContext@1a482e36: startup date [Wed Dec 20 16:37:38 IST 2017]; root of context hierarchy
2017-12-20 16:37:40,713 INFO  [main] RequestMappingHandlerMapping: Mapped "{[/device/register],methods=[POST]}" onto public com.dev.mgm.bean.MessageBean com.dev.mgm.DeviceMgmServices.registerUser(com.dev.mgm.bean.User)
2017-12-20 16:37:40,715 INFO  [main] RequestMappingHandlerMapping: Mapped "{[/device/check/{device_id}]}" onto public com.dev.mgm.bean.Device com.dev.mgm.DeviceMgmServices.checkDeviceStatus(java.lang.String)
2017-12-20 16:37:40,716 INFO  [main] RequestMappingHandlerMapping: Mapped "{[/device/deregister/{device_id}]}" onto public com.dev.mgm.bean.MessageBean com.dev.mgm.DeviceMgmServices.deRegister(java.lang.String)
2017-12-20 16:37:40,718 INFO  [main] RequestMappingHandlerMapping: Mapped "{[/test/view],methods=[POST]}" onto public com.dev.mgm.bean.User com.dev.mgm.Test.view()
2017-12-20 16:37:40,719 INFO  [main] RequestMappingHandlerMapping: Mapped "{[/test/register]}" onto public com.dev.mgm.bean.MessageBean com.dev.mgm.Test.registerUser()
2017-12-20 16:37:40,719 INFO  [main] RequestMappingHandlerMapping: Mapped "{[/test/viewall],methods=[GET]}" onto public java.util.List<com.dev.mgm.bean.User> com.dev.mgm.Test.viewAll()
2017-12-20 16:37:40,720 INFO  [main] RequestMappingHandlerMapping: Mapped "{[/test/check/{device_id}]}" onto public com.dev.mgm.bean.Device com.dev.mgm.Test.checkDeviceStatus(java.lang.String)
2017-12-20 16:37:40,720 INFO  [main] RequestMappingHandlerMapping: Mapped "{[/test/send],methods=[POST]}" onto public java.lang.String com.dev.mgm.Test.register(com.dev.mgm.bean.User)
2017-12-20 16:37:40,723 INFO  [main] RequestMappingHandlerMapping: Mapped "{[/error],produces=[text/html]}" onto public org.springframework.web.servlet.ModelAndView org.springframework.boot.autoconfigure.web.BasicErrorController.errorHtml(javax.servlet.http.HttpServletRequest,javax.servlet.http.HttpServletResponse)
2017-12-20 16:37:40,724 INFO  [main] RequestMappingHandlerMapping: Mapped "{[/error]}" onto public org.springframework.http.ResponseEntity<java.util.Map<java.lang.String, java.lang.Object>> org.springframework.boot.autoconfigure.web.BasicErrorController.error(javax.servlet.http.HttpServletRequest)
2017-12-20 16:37:40,762 INFO  [main] SimpleUrlHandlerMapping: Mapped URL path [/webjars/**] onto handler of type [class org.springframework.web.servlet.resource.ResourceHttpRequestHandler]
2017-12-20 16:37:40,763 INFO  [main] SimpleUrlHandlerMapping: Mapped URL path [/**] onto handler of type [class org.springframework.web.servlet.resource.ResourceHttpRequestHandler]
2017-12-20 16:37:40,810 INFO  [main] SimpleUrlHandlerMapping: Mapped URL path [/**/favicon.ico] onto handler of type [class org.springframework.web.servlet.resource.ResourceHttpRequestHandler]
2017-12-20 16:37:40,984 INFO  [main] AnnotationMBeanExporter: Registering beans for JMX exposure on startup
2017-12-20 16:37:41,009 INFO  [main] Http11NioProtocol: Initializing ProtocolHandler ["http-nio-8082"]
2017-12-20 16:37:41,021 INFO  [main] Http11NioProtocol: Starting ProtocolHandler ["http-nio-8082"]
2017-12-20 16:37:41,030 INFO  [main] NioSelectorPool: Using a shared selector for servlet write/read
2017-12-20 16:37:41,115 INFO  [main] TomcatEmbeddedServletContainer: Tomcat started on port(s): 8082 (http)
2017-12-20 16:37:41,124 INFO  [main] DevicemanagementApplication: Started DevicemanagementApplication in 3.001 seconds (JVM running for 3.962)
