2017-12-20 16:26:24,814 INFO  [main] DevicemanagementApplication: Starting DevicemanagementApplication on ranjit-vostro-1540 with PID 7054 (/home/ranjit/Documents/DeviceMGM/devicemanagement/target/classes started by ranjit in /home/ranjit/Documents/DeviceMGM/devicemanagement)
2017-12-20 16:26:24,824 INFO  [main] DevicemanagementApplication: No active profile set, falling back to default profiles: default
2017-12-20 16:26:24,883 INFO  [main] AnnotationConfigEmbeddedWebApplicationContext: Refreshing org.springframework.boot.context.embedded.AnnotationConfigEmbeddedWebApplicationContext@1b7cc17c: startup date [Wed Dec 20 16:26:24 IST 2017]; root of context hierarchy
2017-12-20 16:26:25,016 INFO  [background-preinit] Version: HV000001: Hibernate Validator 5.2.5.Final
2017-12-20 16:26:26,466 INFO  [main] TomcatEmbeddedServletContainer: Tomcat initialized with port(s): 8082 (http)
2017-12-20 16:26:26,479 INFO  [main] StandardService: Starting service [Tomcat]
2017-12-20 16:26:26,481 INFO  [main] StandardEngine: Starting Servlet Engine: Apache Tomcat/8.5.15
2017-12-20 16:26:26,630 INFO  [localhost-startStop-1] [/]: Initializing Spring embedded WebApplicationContext
2017-12-20 16:26:26,631 INFO  [localhost-startStop-1] ContextLoader: Root WebApplicationContext: initialization completed in 1748 ms
2017-12-20 16:26:26,846 INFO  [localhost-startStop-1] ServletRegistrationBean: Mapping servlet: 'dispatcherServlet' to [/]
2017-12-20 16:26:26,853 INFO  [localhost-startStop-1] FilterRegistrationBean: Mapping filter: 'characterEncodingFilter' to: [/*]
2017-12-20 16:26:26,854 INFO  [localhost-startStop-1] FilterRegistrationBean: Mapping filter: 'hiddenHttpMethodFilter' to: [/*]
2017-12-20 16:26:26,854 INFO  [localhost-startStop-1] FilterRegistrationBean: Mapping filter: 'httpPutFormContentFilter' to: [/*]
2017-12-20 16:26:26,854 INFO  [localhost-startStop-1] FilterRegistrationBean: Mapping filter: 'requestContextFilter' to: [/*]
2017-12-20 16:26:27,214 INFO  [main] RequestMappingHandlerAdapter: Looking for @ControllerAdvice: org.springframework.boot.context.embedded.AnnotationConfigEmbeddedWebApplicationContext@1b7cc17c: startup date [Wed Dec 20 16:26:24 IST 2017]; root of context hierarchy
2017-12-20 16:26:27,274 INFO  [main] RequestMappingHandlerMapping: Mapped "{[/device/register],methods=[POST]}" onto public com.dev.mgm.bean.MessageBean com.dev.mgm.DeviceMgmServices.registerUser(com.dev.mgm.bean.User)
2017-12-20 16:26:27,276 INFO  [main] RequestMappingHandlerMapping: Mapped "{[/device/check/{device_id}]}" onto public com.dev.mgm.bean.Device com.dev.mgm.DeviceMgmServices.checkDeviceStatus(java.lang.String)
2017-12-20 16:26:27,277 INFO  [main] RequestMappingHandlerMapping: Mapped "{[/device/deregister/{device_id}]}" onto public com.dev.mgm.bean.MessageBean com.dev.mgm.DeviceMgmServices.deRegister(java.lang.String)
2017-12-20 16:26:27,281 INFO  [main] RequestMappingHandlerMapping: Mapped "{[/test/view],methods=[POST]}" onto public com.dev.mgm.bean.User com.dev.mgm.Test.view()
2017-12-20 16:26:27,281 INFO  [main] RequestMappingHandlerMapping: Mapped "{[/test/register]}" onto public com.dev.mgm.bean.MessageBean com.dev.mgm.Test.registerUser()
2017-12-20 16:26:27,282 INFO  [main] RequestMappingHandlerMapping: Mapped "{[/test/viewall],methods=[GET]}" onto public java.util.List<com.dev.mgm.bean.User> com.dev.mgm.Test.viewAll()
2017-12-20 16:26:27,282 INFO  [main] RequestMappingHandlerMapping: Mapped "{[/test/check/{device_id}]}" onto public com.dev.mgm.bean.Device com.dev.mgm.Test.checkDeviceStatus(java.lang.String)
2017-12-20 16:26:27,283 INFO  [main] RequestMappingHandlerMapping: Mapped "{[/test/send],methods=[POST]}" onto public java.lang.String com.dev.mgm.Test.register(com.dev.mgm.bean.User)
2017-12-20 16:26:27,290 INFO  [main] RequestMappingHandlerMapping: Mapped "{[/error],produces=[text/html]}" onto public org.springframework.web.servlet.ModelAndView org.springframework.boot.autoconfigure.web.BasicErrorController.errorHtml(javax.servlet.http.HttpServletRequest,javax.servlet.http.HttpServletResponse)
2017-12-20 16:26:27,291 INFO  [main] RequestMappingHandlerMapping: Mapped "{[/error]}" onto public org.springframework.http.ResponseEntity<java.util.Map<java.lang.String, java.lang.Object>> org.springframework.boot.autoconfigure.web.BasicErrorController.error(javax.servlet.http.HttpServletRequest)
2017-12-20 16:26:27,327 INFO  [main] SimpleUrlHandlerMapping: Mapped URL path [/webjars/**] onto handler of type [class org.springframework.web.servlet.resource.ResourceHttpRequestHandler]
2017-12-20 16:26:27,329 INFO  [main] SimpleUrlHandlerMapping: Mapped URL path [/**] onto handler of type [class org.springframework.web.servlet.resource.ResourceHttpRequestHandler]
2017-12-20 16:26:27,369 INFO  [main] SimpleUrlHandlerMapping: Mapped URL path [/**/favicon.ico] onto handler of type [class org.springframework.web.servlet.resource.ResourceHttpRequestHandler]
2017-12-20 16:26:27,523 INFO  [main] AnnotationMBeanExporter: Registering beans for JMX exposure on startup
2017-12-20 16:26:27,543 INFO  [main] Http11NioProtocol: Initializing ProtocolHandler ["http-nio-8082"]
2017-12-20 16:26:27,552 INFO  [main] Http11NioProtocol: Starting ProtocolHandler ["http-nio-8082"]
2017-12-20 16:26:27,558 INFO  [main] NioSelectorPool: Using a shared selector for servlet write/read
2017-12-20 16:26:27,574 INFO  [main] TomcatEmbeddedServletContainer: Tomcat started on port(s): 8082 (http)
2017-12-20 16:26:27,580 INFO  [main] DevicemanagementApplication: Started DevicemanagementApplication in 3.181 seconds (JVM running for 4.229)
2017-12-20 16:26:47,990 INFO  [http-nio-8082-exec-2] [/]: Initializing Spring FrameworkServlet 'dispatcherServlet'
2017-12-20 16:26:47,990 INFO  [http-nio-8082-exec-2] DispatcherServlet: FrameworkServlet 'dispatcherServlet': initialization started
2017-12-20 16:26:48,004 INFO  [http-nio-8082-exec-2] DispatcherServlet: FrameworkServlet 'dispatcherServlet': initialization completed in 13 ms
2017-12-20 16:26:48,132 INFO  [http-nio-8082-exec-2] Version: HHH000412: Hibernate Core {5.2.12.Final}
2017-12-20 16:26:48,134 INFO  [http-nio-8082-exec-2] Environment: HHH000206: hibernate.properties not found
2017-12-20 16:26:48,351 INFO  [http-nio-8082-exec-2] MySessionFactory: Hibernate Configuration file loaded Successfully
2017-12-20 16:26:48,381 INFO  [http-nio-8082-exec-2] Version: HCANN000001: Hibernate Commons Annotations {5.0.1.Final}
2017-12-20 16:26:48,598 WARN  [http-nio-8082-exec-2] pooling: HHH10001002: Using Hibernate built-in connection pool (not for production use!)
2017-12-20 16:26:48,598 INFO  [http-nio-8082-exec-2] pooling: HHH10001005: using driver [com.mysql.jdbc.Driver] at URL [jdbc:mysql://localhost:3306/devicemgm]
2017-12-20 16:26:48,599 INFO  [http-nio-8082-exec-2] pooling: HHH10001001: Connection properties: {user=root, password=****}
2017-12-20 16:26:48,599 INFO  [http-nio-8082-exec-2] pooling: HHH10001003: Autocommit mode: false
2017-12-20 16:26:48,602 INFO  [http-nio-8082-exec-2] DriverManagerConnectionProviderImpl: HHH000115: Hibernate connection pool size: 10 (min=1)
2017-12-20 16:26:48,626 INFO  [http-nio-8082-exec-2] Dialect: HHH000400: Using dialect: org.hibernate.dialect.MySQL5Dialect
2017-12-20 16:26:48,663 INFO  [http-nio-8082-exec-2] LobCreatorBuilderImpl: HHH000423: Disabling contextual LOB creation as JDBC driver reported JDBC version [3] less than 4
2017-12-20 16:26:49,105 INFO  [http-nio-8082-exec-2] access: HHH10001501: Connection obtained from JdbcConnectionAccess [org.hibernate.engine.jdbc.env.internal.JdbcEnvironmentInitiator$ConnectionProviderJdbcConnectionAccess@7d24ae73] for (non-JTA) DDL execution was not in auto-commit mode; the Connection 'local transaction' will be committed and the Connection will be set into auto-commit mode.
2017-12-20 16:26:49,238 INFO  [http-nio-8082-exec-2] MySessionFactory: Session factory object created
2017-12-20 16:26:49,239 INFO  [http-nio-8082-exec-2] MySessionFactory: session factory call
2017-12-20 16:26:49,368 INFO  [http-nio-8082-exec-2] MySessionFactory: session factory call
2017-12-20 16:26:49,371 WARN  [http-nio-8082-exec-2] deprecation: HHH90000022: Hibernate's legacy org.hibernate.Criteria API is deprecated; use the JPA javax.persistence.criteria.CriteriaQuery instead
