2017-12-07 15:00:42,597 INFO  [Thread-3] AnnotationConfigEmbeddedWebApplicationContext: Closing org.springframework.boot.context.embedded.AnnotationConfigEmbeddedWebApplicationContext@6c40365c: startup date [Thu Dec 07 14:58:49 IST 2017]; root of context hierarchy
2017-12-07 15:00:42,601 INFO  [Thread-3] AnnotationMBeanExporter: Unregistering JMX-exposed beans on shutdown
2017-12-07 15:00:44,965 INFO  [main] DevicemanagementApplication: Starting DevicemanagementApplication on ranjit-vostro-1540 with PID 14305 (/home/ranjit/Documents/DeviceMGM/devicemanagement/target/classes started by ranjit in /home/ranjit/Documents/DeviceMGM/devicemanagement)
2017-12-07 15:00:44,971 INFO  [main] DevicemanagementApplication: No active profile set, falling back to default profiles: default
2017-12-07 15:00:45,070 INFO  [main] AnnotationConfigEmbeddedWebApplicationContext: Refreshing org.springframework.boot.context.embedded.AnnotationConfigEmbeddedWebApplicationContext@6c40365c: startup date [Thu Dec 07 15:00:45 IST 2017]; root of context hierarchy
2017-12-07 15:00:45,541 INFO  [background-preinit] Version: HV000001: Hibernate Validator 5.2.5.Final
2017-12-07 15:00:48,230 INFO  [main] TomcatEmbeddedServletContainer: Tomcat initialized with port(s): 8080 (http)
2017-12-07 15:00:48,265 INFO  [main] StandardService: Starting service [Tomcat]
2017-12-07 15:00:48,267 INFO  [main] StandardEngine: Starting Servlet Engine: Apache Tomcat/8.5.15
2017-12-07 15:00:48,577 INFO  [localhost-startStop-1] [/]: Initializing Spring embedded WebApplicationContext
2017-12-07 15:00:48,578 INFO  [localhost-startStop-1] ContextLoader: Root WebApplicationContext: initialization completed in 3508 ms
2017-12-07 15:00:48,945 INFO  [localhost-startStop-1] ServletRegistrationBean: Mapping servlet: 'dispatcherServlet' to [/]
2017-12-07 15:00:48,956 INFO  [localhost-startStop-1] FilterRegistrationBean: Mapping filter: 'characterEncodingFilter' to: [/*]
2017-12-07 15:00:48,958 INFO  [localhost-startStop-1] FilterRegistrationBean: Mapping filter: 'hiddenHttpMethodFilter' to: [/*]
2017-12-07 15:00:48,959 INFO  [localhost-startStop-1] FilterRegistrationBean: Mapping filter: 'httpPutFormContentFilter' to: [/*]
2017-12-07 15:00:48,961 INFO  [localhost-startStop-1] FilterRegistrationBean: Mapping filter: 'requestContextFilter' to: [/*]
2017-12-07 15:00:49,655 INFO  [main] RequestMappingHandlerAdapter: Looking for @ControllerAdvice: org.springframework.boot.context.embedded.AnnotationConfigEmbeddedWebApplicationContext@6c40365c: startup date [Thu Dec 07 15:00:45 IST 2017]; root of context hierarchy
2017-12-07 15:00:49,777 INFO  [main] RequestMappingHandlerMapping: Mapped "{[/register]}" onto public com.dev.mgm.bean.MessageBean com.dev.mgm.DeviceMgmServices.registerUser()
2017-12-07 15:00:49,781 INFO  [main] RequestMappingHandlerMapping: Mapped "{[/check/{device_id}]}" onto public com.dev.mgm.bean.Device com.dev.mgm.DeviceMgmServices.checkDeviceStatus(java.lang.String)
2017-12-07 15:00:49,782 INFO  [main] RequestMappingHandlerMapping: Mapped "{[/first]}" onto public java.lang.String com.dev.mgm.admin.First.Hello()
2017-12-07 15:00:49,786 INFO  [main] RequestMappingHandlerMapping: Mapped "{[/error],produces=[text/html]}" onto public org.springframework.web.servlet.ModelAndView org.springframework.boot.autoconfigure.web.BasicErrorController.errorHtml(javax.servlet.http.HttpServletRequest,javax.servlet.http.HttpServletResponse)
2017-12-07 15:00:49,787 INFO  [main] RequestMappingHandlerMapping: Mapped "{[/error]}" onto public org.springframework.http.ResponseEntity<java.util.Map<java.lang.String, java.lang.Object>> org.springframework.boot.autoconfigure.web.BasicErrorController.error(javax.servlet.http.HttpServletRequest)
2017-12-07 15:00:49,849 INFO  [main] SimpleUrlHandlerMapping: Mapped URL path [/webjars/**] onto handler of type [class org.springframework.web.servlet.resource.ResourceHttpRequestHandler]
2017-12-07 15:00:49,850 INFO  [main] SimpleUrlHandlerMapping: Mapped URL path [/**] onto handler of type [class org.springframework.web.servlet.resource.ResourceHttpRequestHandler]
2017-12-07 15:00:49,924 INFO  [main] SimpleUrlHandlerMapping: Mapped URL path [/**/favicon.ico] onto handler of type [class org.springframework.web.servlet.resource.ResourceHttpRequestHandler]
2017-12-07 15:00:50,206 INFO  [main] AnnotationMBeanExporter: Registering beans for JMX exposure on startup
2017-12-07 15:00:50,247 INFO  [main] Http11NioProtocol: Initializing ProtocolHandler ["http-nio-8080"]
2017-12-07 15:00:50,272 INFO  [main] Http11NioProtocol: Starting ProtocolHandler ["http-nio-8080"]
2017-12-07 15:00:50,285 INFO  [main] NioSelectorPool: Using a shared selector for servlet write/read
2017-12-07 15:00:50,326 INFO  [main] TomcatEmbeddedServletContainer: Tomcat started on port(s): 8080 (http)
2017-12-07 15:00:50,337 INFO  [main] DevicemanagementApplication: Started DevicemanagementApplication in 5.968 seconds (JVM running for 7.153)
