2017-12-15 00:47:22,018 INFO  [RMI TCP Connection(2)-127.0.0.1] SpringApplicationAdminMXBeanRegistrar$SpringApplicationAdmin: Application shutdown requested.
2017-12-15 00:47:22,019 INFO  [RMI TCP Connection(2)-127.0.0.1] AnnotationConfigEmbeddedWebApplicationContext: Closing org.springframework.boot.context.embedded.AnnotationConfigEmbeddedWebApplicationContext@6adbc9d: startup date [Fri Dec 15 00:44:06 IST 2017]; root of context hierarchy
2017-12-15 00:47:22,026 INFO  [RMI TCP Connection(2)-127.0.0.1] AnnotationMBeanExporter: Unregistering JMX-exposed beans on shutdown
2017-12-15 00:47:39,575 INFO  [main] DevicemanagementApplication: Starting DevicemanagementApplication on ranjit-vostro-1540 with PID 9994 (/home/ranjit/Documents/DeviceMGM/devicemanagement/target/classes started by ranjit in /home/ranjit/Documents/DeviceMGM/devicemanagement)
2017-12-15 00:47:39,582 INFO  [main] DevicemanagementApplication: No active profile set, falling back to default profiles: default
2017-12-15 00:47:39,683 INFO  [main] AnnotationConfigEmbeddedWebApplicationContext: Refreshing org.springframework.boot.context.embedded.AnnotationConfigEmbeddedWebApplicationContext@6adbc9d: startup date [Fri Dec 15 00:47:39 IST 2017]; root of context hierarchy
2017-12-15 00:47:39,784 INFO  [background-preinit] Version: HV000001: Hibernate Validator 5.2.5.Final
2017-12-15 00:47:41,934 INFO  [main] TomcatEmbeddedServletContainer: Tomcat initialized with port(s): 8082 (http)
2017-12-15 00:47:41,953 INFO  [main] StandardService: Starting service [Tomcat]
2017-12-15 00:47:41,955 INFO  [main] StandardEngine: Starting Servlet Engine: Apache Tomcat/8.5.15
2017-12-15 00:47:42,143 INFO  [localhost-startStop-1] [/]: Initializing Spring embedded WebApplicationContext
2017-12-15 00:47:42,144 INFO  [localhost-startStop-1] ContextLoader: Root WebApplicationContext: initialization completed in 2461 ms
2017-12-15 00:47:42,475 INFO  [localhost-startStop-1] ServletRegistrationBean: Mapping servlet: 'dispatcherServlet' to [/]
2017-12-15 00:47:42,481 INFO  [localhost-startStop-1] FilterRegistrationBean: Mapping filter: 'characterEncodingFilter' to: [/*]
2017-12-15 00:47:42,482 INFO  [localhost-startStop-1] FilterRegistrationBean: Mapping filter: 'hiddenHttpMethodFilter' to: [/*]
2017-12-15 00:47:42,483 INFO  [localhost-startStop-1] FilterRegistrationBean: Mapping filter: 'httpPutFormContentFilter' to: [/*]
2017-12-15 00:47:42,483 INFO  [localhost-startStop-1] FilterRegistrationBean: Mapping filter: 'requestContextFilter' to: [/*]
2017-12-15 00:47:42,880 INFO  [main] RequestMappingHandlerAdapter: Looking for @ControllerAdvice: org.springframework.boot.context.embedded.AnnotationConfigEmbeddedWebApplicationContext@6adbc9d: startup date [Fri Dec 15 00:47:39 IST 2017]; root of context hierarchy
2017-12-15 00:47:42,958 INFO  [main] RequestMappingHandlerMapping: Mapped "{[/register],methods=[POST]}" onto public com.dev.mgm.bean.MessageBean com.dev.mgm.DeviceMgmServices.registerUser(com.dev.mgm.bean.User)
2017-12-15 00:47:42,959 INFO  [main] RequestMappingHandlerMapping: Mapped "{[/check/{device_id}]}" onto public com.dev.mgm.bean.Device com.dev.mgm.DeviceMgmServices.checkDeviceStatus(java.lang.String)
2017-12-15 00:47:42,960 INFO  [main] RequestMappingHandlerMapping: Mapped "{[/deregister/{device_id}]}" onto public com.dev.mgm.bean.MessageBean com.dev.mgm.DeviceMgmServices.deRegister(java.lang.String)
2017-12-15 00:47:42,964 INFO  [main] RequestMappingHandlerMapping: Mapped "{[/test/view],methods=[POST]}" onto public com.dev.mgm.bean.User com.dev.mgm.Test.view()
2017-12-15 00:47:42,964 INFO  [main] RequestMappingHandlerMapping: Mapped "{[/test/register]}" onto public com.dev.mgm.bean.MessageBean com.dev.mgm.Test.registerUser()
2017-12-15 00:47:42,965 INFO  [main] RequestMappingHandlerMapping: Mapped "{[/test/viewall],methods=[GET]}" onto public java.util.List<com.dev.mgm.bean.User> com.dev.mgm.Test.viewAll()
2017-12-15 00:47:42,965 INFO  [main] RequestMappingHandlerMapping: Mapped "{[/test/check/{device_id}]}" onto public com.dev.mgm.bean.Device com.dev.mgm.Test.checkDeviceStatus(java.lang.String)
2017-12-15 00:47:42,966 INFO  [main] RequestMappingHandlerMapping: Mapped "{[/test/send],methods=[POST]}" onto public java.lang.String com.dev.mgm.Test.register(com.dev.mgm.bean.User)
2017-12-15 00:47:42,970 INFO  [main] RequestMappingHandlerMapping: Mapped "{[/error],produces=[text/html]}" onto public org.springframework.web.servlet.ModelAndView org.springframework.boot.autoconfigure.web.BasicErrorController.errorHtml(javax.servlet.http.HttpServletRequest,javax.servlet.http.HttpServletResponse)
2017-12-15 00:47:42,970 INFO  [main] RequestMappingHandlerMapping: Mapped "{[/error]}" onto public org.springframework.http.ResponseEntity<java.util.Map<java.lang.String, java.lang.Object>> org.springframework.boot.autoconfigure.web.BasicErrorController.error(javax.servlet.http.HttpServletRequest)
2017-12-15 00:47:43,007 INFO  [main] SimpleUrlHandlerMapping: Mapped URL path [/webjars/**] onto handler of type [class org.springframework.web.servlet.resource.ResourceHttpRequestHandler]
2017-12-15 00:47:43,008 INFO  [main] SimpleUrlHandlerMapping: Mapped URL path [/**] onto handler of type [class org.springframework.web.servlet.resource.ResourceHttpRequestHandler]
2017-12-15 00:47:43,064 INFO  [main] SimpleUrlHandlerMapping: Mapped URL path [/**/favicon.ico] onto handler of type [class org.springframework.web.servlet.resource.ResourceHttpRequestHandler]
2017-12-15 00:47:43,268 INFO  [main] AnnotationMBeanExporter: Registering beans for JMX exposure on startup
2017-12-15 00:47:43,297 INFO  [main] Http11NioProtocol: Initializing ProtocolHandler ["http-nio-8082"]
2017-12-15 00:47:43,309 INFO  [main] Http11NioProtocol: Starting ProtocolHandler ["http-nio-8082"]
2017-12-15 00:47:43,316 INFO  [main] NioSelectorPool: Using a shared selector for servlet write/read
2017-12-15 00:47:43,336 INFO  [main] TomcatEmbeddedServletContainer: Tomcat started on port(s): 8082 (http)
2017-12-15 00:47:43,344 INFO  [main] DevicemanagementApplication: Started DevicemanagementApplication in 4.228 seconds (JVM running for 5.568)
2017-12-15 00:47:52,688 INFO  [http-nio-8082-exec-1] [/]: Initializing Spring FrameworkServlet 'dispatcherServlet'
2017-12-15 00:47:52,689 INFO  [http-nio-8082-exec-1] DispatcherServlet: FrameworkServlet 'dispatcherServlet': initialization started
2017-12-15 00:47:52,708 INFO  [http-nio-8082-exec-1] DispatcherServlet: FrameworkServlet 'dispatcherServlet': initialization completed in 19 ms
2017-12-15 00:47:52,887 INFO  [http-nio-8082-exec-1] UserDAO: check device
2017-12-15 00:47:53,073 INFO  [http-nio-8082-exec-1] Version: HHH000412: Hibernate Core {5.2.12.Final}
2017-12-15 00:47:53,077 INFO  [http-nio-8082-exec-1] Environment: HHH000206: hibernate.properties not found
2017-12-15 00:47:53,533 INFO  [http-nio-8082-exec-1] MySessionFactory: Hibernate Configuration file loaded Successfully
2017-12-15 00:47:53,569 INFO  [http-nio-8082-exec-1] Version: HCANN000001: Hibernate Commons Annotations {5.0.1.Final}
2017-12-15 00:47:53,651 WARN  [http-nio-8082-exec-1] pooling: HHH10001002: Using Hibernate built-in connection pool (not for production use!)
2017-12-15 00:47:53,653 INFO  [http-nio-8082-exec-1] pooling: HHH10001005: using driver [com.mysql.jdbc.Driver] at URL [jdbc:mysql://localhost:3306/devicemgm]
2017-12-15 00:47:53,653 INFO  [http-nio-8082-exec-1] pooling: HHH10001001: Connection properties: {user=root, password=****}
2017-12-15 00:47:53,653 INFO  [http-nio-8082-exec-1] pooling: HHH10001003: Autocommit mode: false
2017-12-15 00:47:53,656 INFO  [http-nio-8082-exec-1] DriverManagerConnectionProviderImpl: HHH000115: Hibernate connection pool size: 10 (min=1)
2017-12-15 00:47:53,686 INFO  [http-nio-8082-exec-1] Dialect: HHH000400: Using dialect: org.hibernate.dialect.MySQL5Dialect
2017-12-15 00:47:53,730 INFO  [http-nio-8082-exec-1] LobCreatorBuilderImpl: HHH000423: Disabling contextual LOB creation as JDBC driver reported JDBC version [3] less than 4
2017-12-15 00:47:54,252 INFO  [http-nio-8082-exec-1] access: HHH10001501: Connection obtained from JdbcConnectionAccess [org.hibernate.engine.jdbc.env.internal.JdbcEnvironmentInitiator$ConnectionProviderJdbcConnectionAccess@6f1dcf67] for (non-JTA) DDL execution was not in auto-commit mode; the Connection 'local transaction' will be committed and the Connection will be set into auto-commit mode.
2017-12-15 00:47:54,294 INFO  [http-nio-8082-exec-1] MySessionFactory: Session factory object created
2017-12-15 00:47:54,294 INFO  [http-nio-8082-exec-1] MySessionFactory: session factory call
2017-12-15 00:47:54,416 INFO  [http-nio-8082-exec-1] MySessionFactory: session factory call
2017-12-15 00:47:54,420 INFO  [http-nio-8082-exec-1] MySessionFactory: session factory call
2017-12-15 00:47:54,422 WARN  [http-nio-8082-exec-1] deprecation: HHH90000022: Hibernate's legacy org.hibernate.Criteria API is deprecated; use the JPA javax.persistence.criteria.CriteriaQuery instead
2017-12-15 00:47:54,512 INFO  [http-nio-8082-exec-1] UserDAO: user register complet successfully
2017-12-15 00:47:54,512 INFO  [http-nio-8082-exec-1] MySessionFactory: session factory call
2017-12-15 00:47:54,515 INFO  [http-nio-8082-exec-1] UserDAO: Checking Validity
2017-12-15 00:47:54,515 INFO  [http-nio-8082-exec-1] MySessionFactory: session factory call
2017-12-15 00:47:54,517 INFO  [http-nio-8082-exec-1] UserDAO: change status excecuting
2017-12-15 00:47:54,520 INFO  [http-nio-8082-exec-1] UserDAO: Device Not Valid right now
2017-12-15 00:47:54,520 INFO  [http-nio-8082-exec-1] UserDAO: Deivce status found
2017-12-15 00:47:59,217 INFO  [http-nio-8082-exec-3] UserDAO: check device
2017-12-15 00:47:59,218 INFO  [http-nio-8082-exec-3] MySessionFactory: session factory call
2017-12-15 00:47:59,226 INFO  [http-nio-8082-exec-3] MySessionFactory: session factory call
2017-12-15 00:47:59,237 INFO  [http-nio-8082-exec-3] MySessionFactory: session factory call
2017-12-15 00:47:59,237 WARN  [http-nio-8082-exec-3] deprecation: HHH90000022: Hibernate's legacy org.hibernate.Criteria API is deprecated; use the JPA javax.persistence.criteria.CriteriaQuery instead
2017-12-15 00:47:59,270 INFO  [http-nio-8082-exec-3] UserDAO: user register complet successfully
2017-12-15 00:47:59,273 INFO  [http-nio-8082-exec-3] MySessionFactory: session factory call
2017-12-15 00:47:59,278 INFO  [http-nio-8082-exec-3] UserDAO: Checking Validity
2017-12-15 00:47:59,278 INFO  [http-nio-8082-exec-3] MySessionFactory: session factory call
2017-12-15 00:47:59,286 INFO  [http-nio-8082-exec-3] UserDAO: change status excecuting
2017-12-15 00:47:59,291 INFO  [http-nio-8082-exec-3] UserDAO: Device Not Valid right now
2017-12-15 00:47:59,291 INFO  [http-nio-8082-exec-3] UserDAO: Deivce status found
