2017-12-07 16:39:38,014 INFO  [Thread-3] AnnotationConfigEmbeddedWebApplicationContext: Closing org.springframework.boot.context.embedded.AnnotationConfigEmbeddedWebApplicationContext@6c40365c: startup date [Thu Dec 07 15:14:54 IST 2017]; root of context hierarchy
2017-12-07 16:39:38,026 INFO  [Thread-3] AnnotationMBeanExporter: Unregistering JMX-exposed beans on shutdown
2017-12-07 16:39:40,631 INFO  [main] DevicemanagementApplication: Starting DevicemanagementApplication on ranjit-vostro-1540 with PID 17273 (/home/ranjit/Documents/DeviceMGM/devicemanagement/target/classes started by ranjit in /home/ranjit/Documents/DeviceMGM/devicemanagement)
2017-12-07 16:39:40,636 INFO  [main] DevicemanagementApplication: No active profile set, falling back to default profiles: default
2017-12-07 16:39:40,867 INFO  [main] AnnotationConfigEmbeddedWebApplicationContext: Refreshing org.springframework.boot.context.embedded.AnnotationConfigEmbeddedWebApplicationContext@6c40365c: startup date [Thu Dec 07 16:39:40 IST 2017]; root of context hierarchy
2017-12-07 16:39:41,299 INFO  [background-preinit] Version: HV000001: Hibernate Validator 5.2.5.Final
2017-12-07 16:39:44,382 INFO  [main] TomcatEmbeddedServletContainer: Tomcat initialized with port(s): 8080 (http)
2017-12-07 16:39:44,407 INFO  [main] StandardService: Starting service [Tomcat]
2017-12-07 16:39:44,410 INFO  [main] StandardEngine: Starting Servlet Engine: Apache Tomcat/8.5.15
2017-12-07 16:39:44,617 INFO  [localhost-startStop-1] [/]: Initializing Spring embedded WebApplicationContext
2017-12-07 16:39:44,617 INFO  [localhost-startStop-1] ContextLoader: Root WebApplicationContext: initialization completed in 3750 ms
2017-12-07 16:39:44,912 INFO  [localhost-startStop-1] ServletRegistrationBean: Mapping servlet: 'dispatcherServlet' to [/]
2017-12-07 16:39:44,920 INFO  [localhost-startStop-1] FilterRegistrationBean: Mapping filter: 'characterEncodingFilter' to: [/*]
2017-12-07 16:39:44,921 INFO  [localhost-startStop-1] FilterRegistrationBean: Mapping filter: 'hiddenHttpMethodFilter' to: [/*]
2017-12-07 16:39:44,922 INFO  [localhost-startStop-1] FilterRegistrationBean: Mapping filter: 'httpPutFormContentFilter' to: [/*]
2017-12-07 16:39:44,922 INFO  [localhost-startStop-1] FilterRegistrationBean: Mapping filter: 'requestContextFilter' to: [/*]
2017-12-07 16:39:45,510 INFO  [main] RequestMappingHandlerAdapter: Looking for @ControllerAdvice: org.springframework.boot.context.embedded.AnnotationConfigEmbeddedWebApplicationContext@6c40365c: startup date [Thu Dec 07 16:39:40 IST 2017]; root of context hierarchy
2017-12-07 16:39:45,674 INFO  [main] RequestMappingHandlerMapping: Mapped "{[/register]}" onto public com.dev.mgm.bean.MessageBean com.dev.mgm.DeviceMgmServices.registerUser()
2017-12-07 16:39:45,677 INFO  [main] RequestMappingHandlerMapping: Mapped "{[/check/{device_id}]}" onto public com.dev.mgm.bean.Device com.dev.mgm.DeviceMgmServices.checkDeviceStatus(java.lang.String)
2017-12-07 16:39:45,678 INFO  [main] RequestMappingHandlerMapping: Mapped "{[/deregister/{device_id}]}" onto public com.dev.mgm.bean.MessageBean com.dev.mgm.DeviceMgmServices.deRegister(java.lang.String)
2017-12-07 16:39:45,682 INFO  [main] RequestMappingHandlerMapping: Mapped "{[/test/register]}" onto public com.dev.mgm.bean.MessageBean com.dev.mgm.Test.registerUser()
2017-12-07 16:39:45,683 INFO  [main] RequestMappingHandlerMapping: Mapped "{[/test/check/{device_id}]}" onto public com.dev.mgm.bean.Device com.dev.mgm.Test.checkDeviceStatus(java.lang.String)
2017-12-07 16:39:45,685 INFO  [main] RequestMappingHandlerMapping: Mapped "{[/first]}" onto public java.lang.String com.dev.mgm.admin.First.Hello()
2017-12-07 16:39:45,690 INFO  [main] RequestMappingHandlerMapping: Mapped "{[/error],produces=[text/html]}" onto public org.springframework.web.servlet.ModelAndView org.springframework.boot.autoconfigure.web.BasicErrorController.errorHtml(javax.servlet.http.HttpServletRequest,javax.servlet.http.HttpServletResponse)
2017-12-07 16:39:45,691 INFO  [main] RequestMappingHandlerMapping: Mapped "{[/error]}" onto public org.springframework.http.ResponseEntity<java.util.Map<java.lang.String, java.lang.Object>> org.springframework.boot.autoconfigure.web.BasicErrorController.error(javax.servlet.http.HttpServletRequest)
2017-12-07 16:39:45,758 INFO  [main] SimpleUrlHandlerMapping: Mapped URL path [/webjars/**] onto handler of type [class org.springframework.web.servlet.resource.ResourceHttpRequestHandler]
2017-12-07 16:39:45,758 INFO  [main] SimpleUrlHandlerMapping: Mapped URL path [/**] onto handler of type [class org.springframework.web.servlet.resource.ResourceHttpRequestHandler]
2017-12-07 16:39:45,841 INFO  [main] SimpleUrlHandlerMapping: Mapped URL path [/**/favicon.ico] onto handler of type [class org.springframework.web.servlet.resource.ResourceHttpRequestHandler]
2017-12-07 16:39:46,151 INFO  [main] AnnotationMBeanExporter: Registering beans for JMX exposure on startup
2017-12-07 16:39:46,192 INFO  [main] Http11NioProtocol: Initializing ProtocolHandler ["http-nio-8080"]
2017-12-07 16:39:46,222 INFO  [main] Http11NioProtocol: Starting ProtocolHandler ["http-nio-8080"]
2017-12-07 16:39:46,232 INFO  [main] NioSelectorPool: Using a shared selector for servlet write/read
2017-12-07 16:39:46,271 INFO  [main] TomcatEmbeddedServletContainer: Tomcat started on port(s): 8080 (http)
2017-12-07 16:39:46,281 INFO  [main] DevicemanagementApplication: Started DevicemanagementApplication in 6.246 seconds (JVM running for 7.553)
2017-12-07 16:39:57,052 INFO  [http-nio-8080-exec-1] [/]: Initializing Spring FrameworkServlet 'dispatcherServlet'
2017-12-07 16:39:57,053 INFO  [http-nio-8080-exec-1] DispatcherServlet: FrameworkServlet 'dispatcherServlet': initialization started
2017-12-07 16:39:57,088 INFO  [http-nio-8080-exec-1] DispatcherServlet: FrameworkServlet 'dispatcherServlet': initialization completed in 35 ms
2017-12-07 16:39:57,335 INFO  [http-nio-8080-exec-1] Version: HHH000412: Hibernate Core {5.2.12.Final}
2017-12-07 16:39:57,337 INFO  [http-nio-8080-exec-1] Environment: HHH000206: hibernate.properties not found
2017-12-07 16:39:57,945 INFO  [http-nio-8080-exec-1] MySessionFactory: Hibernate Configuration file loaded Successfully
2017-12-07 16:39:57,991 INFO  [http-nio-8080-exec-1] Version: HCANN000001: Hibernate Commons Annotations {5.0.1.Final}
2017-12-07 16:39:58,139 WARN  [http-nio-8080-exec-1] pooling: HHH10001002: Using Hibernate built-in connection pool (not for production use!)
2017-12-07 16:39:58,141 INFO  [http-nio-8080-exec-1] pooling: HHH10001005: using driver [com.mysql.jdbc.Driver] at URL [jdbc:mysql://localhost:3306/devicemgm]
2017-12-07 16:39:58,142 INFO  [http-nio-8080-exec-1] pooling: HHH10001001: Connection properties: {user=root, password=****}
2017-12-07 16:39:58,143 INFO  [http-nio-8080-exec-1] pooling: HHH10001003: Autocommit mode: false
2017-12-07 16:39:58,148 INFO  [http-nio-8080-exec-1] DriverManagerConnectionProviderImpl: HHH000115: Hibernate connection pool size: 10 (min=1)
2017-12-07 16:39:58,219 INFO  [http-nio-8080-exec-1] Dialect: HHH000400: Using dialect: org.hibernate.dialect.MySQL5Dialect
2017-12-07 16:39:58,290 INFO  [http-nio-8080-exec-1] LobCreatorBuilderImpl: HHH000423: Disabling contextual LOB creation as JDBC driver reported JDBC version [3] less than 4
2017-12-07 16:39:58,974 INFO  [http-nio-8080-exec-1] access: HHH10001501: Connection obtained from JdbcConnectionAccess [org.hibernate.engine.jdbc.env.internal.JdbcEnvironmentInitiator$ConnectionProviderJdbcConnectionAccess@377bbb24] for (non-JTA) DDL execution was not in auto-commit mode; the Connection 'local transaction' will be committed and the Connection will be set into auto-commit mode.
2017-12-07 16:39:59,037 INFO  [http-nio-8080-exec-1] MySessionFactory: Session factory object created
2017-12-07 16:39:59,037 INFO  [http-nio-8080-exec-1] MySessionFactory: session factory call
2017-12-07 16:39:59,188 INFO  [http-nio-8080-exec-1] UserDAO: Deivce status not found ID2
