2017-12-10 01:47:26,113 INFO  [main] DevicemanagementApplication: Starting DevicemanagementApplication on ranjit-vostro-1540 with PID 15409 (/home/ranjit/Documents/DeviceMGM/devicemanagement/target/classes started by ranjit in /home/ranjit/Documents/DeviceMGM/devicemanagement)
2017-12-10 01:47:26,214 INFO  [main] DevicemanagementApplication: No active profile set, falling back to default profiles: default
2017-12-10 01:47:26,470 INFO  [main] AnnotationConfigEmbeddedWebApplicationContext: Refreshing org.springframework.boot.context.embedded.AnnotationConfigEmbeddedWebApplicationContext@6c40365c: startup date [Sun Dec 10 01:47:26 IST 2017]; root of context hierarchy
2017-12-10 01:47:27,245 INFO  [background-preinit] Version: HV000001: Hibernate Validator 5.2.5.Final
2017-12-10 01:47:32,915 INFO  [main] TomcatEmbeddedServletContainer: Tomcat initialized with port(s): 8081 (http)
2017-12-10 01:47:32,983 INFO  [main] StandardService: Starting service [Tomcat]
2017-12-10 01:47:32,991 INFO  [main] StandardEngine: Starting Servlet Engine: Apache Tomcat/8.5.15
2017-12-10 01:47:33,545 INFO  [localhost-startStop-1] [/]: Initializing Spring embedded WebApplicationContext
2017-12-10 01:47:33,545 INFO  [localhost-startStop-1] ContextLoader: Root WebApplicationContext: initialization completed in 7076 ms
2017-12-10 01:47:34,044 INFO  [localhost-startStop-1] ServletRegistrationBean: Mapping servlet: 'dispatcherServlet' to [/]
2017-12-10 01:47:34,055 INFO  [localhost-startStop-1] FilterRegistrationBean: Mapping filter: 'characterEncodingFilter' to: [/*]
2017-12-10 01:47:34,057 INFO  [localhost-startStop-1] FilterRegistrationBean: Mapping filter: 'hiddenHttpMethodFilter' to: [/*]
2017-12-10 01:47:34,058 INFO  [localhost-startStop-1] FilterRegistrationBean: Mapping filter: 'httpPutFormContentFilter' to: [/*]
2017-12-10 01:47:34,058 INFO  [localhost-startStop-1] FilterRegistrationBean: Mapping filter: 'requestContextFilter' to: [/*]
2017-12-10 01:47:34,759 INFO  [main] RequestMappingHandlerAdapter: Looking for @ControllerAdvice: org.springframework.boot.context.embedded.AnnotationConfigEmbeddedWebApplicationContext@6c40365c: startup date [Sun Dec 10 01:47:26 IST 2017]; root of context hierarchy
2017-12-10 01:47:34,957 INFO  [main] RequestMappingHandlerMapping: Mapped "{[/register],methods=[POST]}" onto public com.dev.mgm.bean.MessageBean com.dev.mgm.DeviceMgmServices.registerUser(com.dev.mgm.bean.User)
2017-12-10 01:47:34,959 INFO  [main] RequestMappingHandlerMapping: Mapped "{[/check/{device_id}]}" onto public com.dev.mgm.bean.Device com.dev.mgm.DeviceMgmServices.checkDeviceStatus(java.lang.String)
2017-12-10 01:47:34,960 INFO  [main] RequestMappingHandlerMapping: Mapped "{[/deregister/{device_id}]}" onto public com.dev.mgm.bean.MessageBean com.dev.mgm.DeviceMgmServices.deRegister(java.lang.String)
2017-12-10 01:47:34,964 INFO  [main] RequestMappingHandlerMapping: Mapped "{[/test/view],methods=[POST]}" onto public com.dev.mgm.bean.User com.dev.mgm.Test.view()
2017-12-10 01:47:34,965 INFO  [main] RequestMappingHandlerMapping: Mapped "{[/test/register]}" onto public com.dev.mgm.bean.MessageBean com.dev.mgm.Test.registerUser()
2017-12-10 01:47:34,965 INFO  [main] RequestMappingHandlerMapping: Mapped "{[/test/check/{device_id}]}" onto public com.dev.mgm.bean.Device com.dev.mgm.Test.checkDeviceStatus(java.lang.String)
2017-12-10 01:47:34,966 INFO  [main] RequestMappingHandlerMapping: Mapped "{[/test/send],methods=[POST]}" onto public java.lang.String com.dev.mgm.Test.register(com.dev.mgm.bean.User)
2017-12-10 01:47:34,971 INFO  [main] RequestMappingHandlerMapping: Mapped "{[/error],produces=[text/html]}" onto public org.springframework.web.servlet.ModelAndView org.springframework.boot.autoconfigure.web.BasicErrorController.errorHtml(javax.servlet.http.HttpServletRequest,javax.servlet.http.HttpServletResponse)
2017-12-10 01:47:34,972 INFO  [main] RequestMappingHandlerMapping: Mapped "{[/error]}" onto public org.springframework.http.ResponseEntity<java.util.Map<java.lang.String, java.lang.Object>> org.springframework.boot.autoconfigure.web.BasicErrorController.error(javax.servlet.http.HttpServletRequest)
2017-12-10 01:47:35,093 INFO  [main] SimpleUrlHandlerMapping: Mapped URL path [/webjars/**] onto handler of type [class org.springframework.web.servlet.resource.ResourceHttpRequestHandler]
2017-12-10 01:47:35,094 INFO  [main] SimpleUrlHandlerMapping: Mapped URL path [/**] onto handler of type [class org.springframework.web.servlet.resource.ResourceHttpRequestHandler]
2017-12-10 01:47:35,251 INFO  [main] SimpleUrlHandlerMapping: Mapped URL path [/**/favicon.ico] onto handler of type [class org.springframework.web.servlet.resource.ResourceHttpRequestHandler]
2017-12-10 01:47:35,775 INFO  [main] AnnotationMBeanExporter: Registering beans for JMX exposure on startup
2017-12-10 01:47:35,874 INFO  [main] Http11NioProtocol: Initializing ProtocolHandler ["http-nio-8081"]
2017-12-10 01:47:35,924 INFO  [main] Http11NioProtocol: Starting ProtocolHandler ["http-nio-8081"]
2017-12-10 01:47:35,968 INFO  [main] NioSelectorPool: Using a shared selector for servlet write/read
2017-12-10 01:47:36,037 INFO  [main] TomcatEmbeddedServletContainer: Tomcat started on port(s): 8081 (http)
2017-12-10 01:47:36,046 INFO  [main] DevicemanagementApplication: Started DevicemanagementApplication in 11.925 seconds (JVM running for 16.956)
2017-12-10 01:47:51,194 INFO  [http-nio-8081-exec-1] [/]: Initializing Spring FrameworkServlet 'dispatcherServlet'
2017-12-10 01:47:51,195 INFO  [http-nio-8081-exec-1] DispatcherServlet: FrameworkServlet 'dispatcherServlet': initialization started
2017-12-10 01:47:51,228 INFO  [http-nio-8081-exec-1] DispatcherServlet: FrameworkServlet 'dispatcherServlet': initialization completed in 32 ms
2017-12-10 01:47:52,045 INFO  [http-nio-8081-exec-1] Version: HHH000412: Hibernate Core {5.2.12.Final}
2017-12-10 01:47:52,048 INFO  [http-nio-8081-exec-1] Environment: HHH000206: hibernate.properties not found
2017-12-10 01:47:52,945 INFO  [http-nio-8081-exec-1] MySessionFactory: Hibernate Configuration file loaded Successfully
2017-12-10 01:47:53,106 INFO  [http-nio-8081-exec-1] Version: HCANN000001: Hibernate Commons Annotations {5.0.1.Final}
2017-12-10 01:47:53,295 WARN  [http-nio-8081-exec-1] pooling: HHH10001002: Using Hibernate built-in connection pool (not for production use!)
2017-12-10 01:47:53,297 INFO  [http-nio-8081-exec-1] pooling: HHH10001005: using driver [com.mysql.jdbc.Driver] at URL [jdbc:mysql://localhost:3306/devicemgm]
2017-12-10 01:47:53,298 INFO  [http-nio-8081-exec-1] pooling: HHH10001001: Connection properties: {user=root, password=****}
2017-12-10 01:47:53,298 INFO  [http-nio-8081-exec-1] pooling: HHH10001003: Autocommit mode: false
2017-12-10 01:47:53,301 INFO  [http-nio-8081-exec-1] DriverManagerConnectionProviderImpl: HHH000115: Hibernate connection pool size: 10 (min=1)
2017-12-10 01:47:53,358 INFO  [http-nio-8081-exec-1] Dialect: HHH000400: Using dialect: org.hibernate.dialect.MySQL5Dialect
2017-12-10 01:47:53,418 INFO  [http-nio-8081-exec-1] LobCreatorBuilderImpl: HHH000423: Disabling contextual LOB creation as JDBC driver reported JDBC version [3] less than 4
2017-12-10 01:47:54,537 INFO  [http-nio-8081-exec-1] access: HHH10001501: Connection obtained from JdbcConnectionAccess [org.hibernate.engine.jdbc.env.internal.JdbcEnvironmentInitiator$ConnectionProviderJdbcConnectionAccess@5e57414c] for (non-JTA) DDL execution was not in auto-commit mode; the Connection 'local transaction' will be committed and the Connection will be set into auto-commit mode.
2017-12-10 01:47:54,753 INFO  [http-nio-8081-exec-1] MySessionFactory: Session factory object created
2017-12-10 01:47:54,754 INFO  [http-nio-8081-exec-1] MySessionFactory: session factory call
2017-12-10 01:47:55,184 INFO  [http-nio-8081-exec-1] UserDAO: Deivce status found
