2017-12-15 17:46:18,059 INFO  [RMI TCP Connection(2)-127.0.0.1] SpringApplicationAdminMXBeanRegistrar$SpringApplicationAdmin: Application shutdown requested.
2017-12-15 17:46:18,062 INFO  [RMI TCP Connection(2)-127.0.0.1] AnnotationConfigEmbeddedWebApplicationContext: Closing org.springframework.boot.context.embedded.AnnotationConfigEmbeddedWebApplicationContext@6adbc9d: startup date [Fri Dec 15 16:34:05 IST 2017]; root of context hierarchy
2017-12-15 17:46:18,064 INFO  [RMI TCP Connection(2)-127.0.0.1] AnnotationMBeanExporter: Unregistering JMX-exposed beans on shutdown
2017-12-15 17:46:35,415 INFO  [main] DevicemanagementApplication: Starting DevicemanagementApplication on ranjit-vostro-1540 with PID 21385 (/home/ranjit/Documents/DeviceMGM/devicemanagement/target/classes started by ranjit in /home/ranjit/Documents/DeviceMGM/devicemanagement)
2017-12-15 17:46:35,419 INFO  [main] DevicemanagementApplication: No active profile set, falling back to default profiles: default
2017-12-15 17:46:35,484 INFO  [main] AnnotationConfigEmbeddedWebApplicationContext: Refreshing org.springframework.boot.context.embedded.AnnotationConfigEmbeddedWebApplicationContext@6adbc9d: startup date [Fri Dec 15 17:46:35 IST 2017]; root of context hierarchy
2017-12-15 17:46:35,568 INFO  [background-preinit] Version: HV000001: Hibernate Validator 5.2.5.Final
2017-12-15 17:46:36,860 INFO  [main] TomcatEmbeddedServletContainer: Tomcat initialized with port(s): 8082 (http)
2017-12-15 17:46:36,875 INFO  [main] StandardService: Starting service [Tomcat]
2017-12-15 17:46:36,876 INFO  [main] StandardEngine: Starting Servlet Engine: Apache Tomcat/8.5.15
2017-12-15 17:46:36,977 INFO  [localhost-startStop-1] [/]: Initializing Spring embedded WebApplicationContext
2017-12-15 17:46:36,977 INFO  [localhost-startStop-1] ContextLoader: Root WebApplicationContext: initialization completed in 1493 ms
2017-12-15 17:46:37,155 INFO  [localhost-startStop-1] ServletRegistrationBean: Mapping servlet: 'dispatcherServlet' to [/]
2017-12-15 17:46:37,160 INFO  [localhost-startStop-1] FilterRegistrationBean: Mapping filter: 'characterEncodingFilter' to: [/*]
2017-12-15 17:46:37,161 INFO  [localhost-startStop-1] FilterRegistrationBean: Mapping filter: 'hiddenHttpMethodFilter' to: [/*]
2017-12-15 17:46:37,161 INFO  [localhost-startStop-1] FilterRegistrationBean: Mapping filter: 'httpPutFormContentFilter' to: [/*]
2017-12-15 17:46:37,161 INFO  [localhost-startStop-1] FilterRegistrationBean: Mapping filter: 'requestContextFilter' to: [/*]
2017-12-15 17:46:37,470 INFO  [main] RequestMappingHandlerAdapter: Looking for @ControllerAdvice: org.springframework.boot.context.embedded.AnnotationConfigEmbeddedWebApplicationContext@6adbc9d: startup date [Fri Dec 15 17:46:35 IST 2017]; root of context hierarchy
2017-12-15 17:46:37,529 INFO  [main] RequestMappingHandlerMapping: Mapped "{[/register],methods=[POST]}" onto public com.dev.mgm.bean.MessageBean com.dev.mgm.DeviceMgmServices.registerUser(com.dev.mgm.bean.User)
2017-12-15 17:46:37,531 INFO  [main] RequestMappingHandlerMapping: Mapped "{[/check/{device_id}]}" onto public com.dev.mgm.bean.Device com.dev.mgm.DeviceMgmServices.checkDeviceStatus(java.lang.String)
2017-12-15 17:46:37,532 INFO  [main] RequestMappingHandlerMapping: Mapped "{[/deregister/{device_id}]}" onto public com.dev.mgm.bean.MessageBean com.dev.mgm.DeviceMgmServices.deRegister(java.lang.String)
2017-12-15 17:46:37,535 INFO  [main] RequestMappingHandlerMapping: Mapped "{[/test/view],methods=[POST]}" onto public com.dev.mgm.bean.User com.dev.mgm.Test.view()
2017-12-15 17:46:37,535 INFO  [main] RequestMappingHandlerMapping: Mapped "{[/test/register]}" onto public com.dev.mgm.bean.MessageBean com.dev.mgm.Test.registerUser()
2017-12-15 17:46:37,535 INFO  [main] RequestMappingHandlerMapping: Mapped "{[/test/viewall],methods=[GET]}" onto public java.util.List<com.dev.mgm.bean.User> com.dev.mgm.Test.viewAll()
2017-12-15 17:46:37,536 INFO  [main] RequestMappingHandlerMapping: Mapped "{[/test/check/{device_id}]}" onto public com.dev.mgm.bean.Device com.dev.mgm.Test.checkDeviceStatus(java.lang.String)
2017-12-15 17:46:37,536 INFO  [main] RequestMappingHandlerMapping: Mapped "{[/test/send],methods=[POST]}" onto public java.lang.String com.dev.mgm.Test.register(com.dev.mgm.bean.User)
2017-12-15 17:46:37,539 INFO  [main] RequestMappingHandlerMapping: Mapped "{[/error],produces=[text/html]}" onto public org.springframework.web.servlet.ModelAndView org.springframework.boot.autoconfigure.web.BasicErrorController.errorHtml(javax.servlet.http.HttpServletRequest,javax.servlet.http.HttpServletResponse)
2017-12-15 17:46:37,540 INFO  [main] RequestMappingHandlerMapping: Mapped "{[/error]}" onto public org.springframework.http.ResponseEntity<java.util.Map<java.lang.String, java.lang.Object>> org.springframework.boot.autoconfigure.web.BasicErrorController.error(javax.servlet.http.HttpServletRequest)
2017-12-15 17:46:37,575 INFO  [main] SimpleUrlHandlerMapping: Mapped URL path [/webjars/**] onto handler of type [class org.springframework.web.servlet.resource.ResourceHttpRequestHandler]
2017-12-15 17:46:37,575 INFO  [main] SimpleUrlHandlerMapping: Mapped URL path [/**] onto handler of type [class org.springframework.web.servlet.resource.ResourceHttpRequestHandler]
2017-12-15 17:46:37,623 INFO  [main] SimpleUrlHandlerMapping: Mapped URL path [/**/favicon.ico] onto handler of type [class org.springframework.web.servlet.resource.ResourceHttpRequestHandler]
2017-12-15 17:46:37,791 INFO  [main] AnnotationMBeanExporter: Registering beans for JMX exposure on startup
2017-12-15 17:46:37,812 INFO  [main] Http11NioProtocol: Initializing ProtocolHandler ["http-nio-8082"]
2017-12-15 17:46:37,822 INFO  [main] Http11NioProtocol: Starting ProtocolHandler ["http-nio-8082"]
2017-12-15 17:46:37,828 INFO  [main] NioSelectorPool: Using a shared selector for servlet write/read
2017-12-15 17:46:37,848 INFO  [main] TomcatEmbeddedServletContainer: Tomcat started on port(s): 8082 (http)
2017-12-15 17:46:37,854 INFO  [main] DevicemanagementApplication: Started DevicemanagementApplication in 2.796 seconds (JVM running for 3.893)
