2017-12-19 14:44:00,346 INFO  [http-nio-8081-exec-8] UserDAO: Device Not Valid right now
2017-12-19 14:44:00,352 INFO  [http-nio-8081-exec-8] UserDAO: Deivce status found
2017-12-19 14:44:01,252 INFO  [http-nio-8081-exec-9] MySessionFactory: session factory call
2017-12-19 14:44:01,255 INFO  [http-nio-8081-exec-9] UserDAO: check device
2017-12-19 14:44:01,255 INFO  [http-nio-8081-exec-9] MySessionFactory: session factory call
2017-12-19 14:44:24,521 INFO  [RMI TCP Connection(2)-127.0.0.1] SpringApplicationAdminMXBeanRegistrar$SpringApplicationAdmin: Application shutdown requested.
2017-12-19 14:44:24,522 INFO  [RMI TCP Connection(2)-127.0.0.1] AnnotationConfigEmbeddedWebApplicationContext: Closing org.springframework.boot.context.embedded.AnnotationConfigEmbeddedWebApplicationContext@1b7cc17c: startup date [Tue Dec 19 14:39:59 IST 2017]; root of context hierarchy
2017-12-19 14:44:24,525 INFO  [RMI TCP Connection(2)-127.0.0.1] AnnotationMBeanExporter: Unregistering JMX-exposed beans on shutdown
2017-12-19 14:44:46,665 INFO  [main] DevicemanagementApplication: Starting DevicemanagementApplication on ranjit-vostro-1540 with PID 13709 (/home/ranjit/Documents/DeviceMGM/devicemanagement/target/classes started by ranjit in /home/ranjit/Documents/DeviceMGM/devicemanagement)
2017-12-19 14:44:46,669 INFO  [main] DevicemanagementApplication: No active profile set, falling back to default profiles: default
2017-12-19 14:44:46,736 INFO  [main] AnnotationConfigEmbeddedWebApplicationContext: Refreshing org.springframework.boot.context.embedded.AnnotationConfigEmbeddedWebApplicationContext@1b7cc17c: startup date [Tue Dec 19 14:44:46 IST 2017]; root of context hierarchy
2017-12-19 14:44:46,820 INFO  [background-preinit] Version: HV000001: Hibernate Validator 5.2.5.Final
2017-12-19 14:44:48,257 INFO  [main] TomcatEmbeddedServletContainer: Tomcat initialized with port(s): 8081 (http)
2017-12-19 14:44:48,270 INFO  [main] StandardService: Starting service [Tomcat]
2017-12-19 14:44:48,271 INFO  [main] StandardEngine: Starting Servlet Engine: Apache Tomcat/8.5.15
2017-12-19 14:44:48,380 INFO  [localhost-startStop-1] [/]: Initializing Spring embedded WebApplicationContext
2017-12-19 14:44:48,380 INFO  [localhost-startStop-1] ContextLoader: Root WebApplicationContext: initialization completed in 1644 ms
2017-12-19 14:44:48,554 INFO  [localhost-startStop-1] ServletRegistrationBean: Mapping servlet: 'dispatcherServlet' to [/]
2017-12-19 14:44:48,559 INFO  [localhost-startStop-1] FilterRegistrationBean: Mapping filter: 'characterEncodingFilter' to: [/*]
2017-12-19 14:44:48,560 INFO  [localhost-startStop-1] FilterRegistrationBean: Mapping filter: 'hiddenHttpMethodFilter' to: [/*]
2017-12-19 14:44:48,560 INFO  [localhost-startStop-1] FilterRegistrationBean: Mapping filter: 'httpPutFormContentFilter' to: [/*]
2017-12-19 14:44:48,560 INFO  [localhost-startStop-1] FilterRegistrationBean: Mapping filter: 'requestContextFilter' to: [/*]
2017-12-19 14:44:48,861 INFO  [main] RequestMappingHandlerAdapter: Looking for @ControllerAdvice: org.springframework.boot.context.embedded.AnnotationConfigEmbeddedWebApplicationContext@1b7cc17c: startup date [Tue Dec 19 14:44:46 IST 2017]; root of context hierarchy
2017-12-19 14:44:48,917 INFO  [main] RequestMappingHandlerMapping: Mapped "{[/device/register],methods=[POST]}" onto public com.dev.mgm.bean.MessageBean com.dev.mgm.DeviceMgmServices.registerUser(com.dev.mgm.bean.User)
2017-12-19 14:44:48,918 INFO  [main] RequestMappingHandlerMapping: Mapped "{[/device/check/{device_id}]}" onto public com.dev.mgm.bean.Device com.dev.mgm.DeviceMgmServices.checkDeviceStatus(java.lang.String)
2017-12-19 14:44:48,919 INFO  [main] RequestMappingHandlerMapping: Mapped "{[/device/deregister/{device_id}]}" onto public com.dev.mgm.bean.MessageBean com.dev.mgm.DeviceMgmServices.deRegister(java.lang.String)
2017-12-19 14:44:48,922 INFO  [main] RequestMappingHandlerMapping: Mapped "{[/test/view],methods=[POST]}" onto public com.dev.mgm.bean.User com.dev.mgm.Test.view()
2017-12-19 14:44:48,922 INFO  [main] RequestMappingHandlerMapping: Mapped "{[/test/register]}" onto public com.dev.mgm.bean.MessageBean com.dev.mgm.Test.registerUser()
2017-12-19 14:44:48,923 INFO  [main] RequestMappingHandlerMapping: Mapped "{[/test/viewall],methods=[GET]}" onto public java.util.List<com.dev.mgm.bean.User> com.dev.mgm.Test.viewAll()
2017-12-19 14:44:48,923 INFO  [main] RequestMappingHandlerMapping: Mapped "{[/test/check/{device_id}]}" onto public com.dev.mgm.bean.Device com.dev.mgm.Test.checkDeviceStatus(java.lang.String)
2017-12-19 14:44:48,923 INFO  [main] RequestMappingHandlerMapping: Mapped "{[/test/send],methods=[POST]}" onto public java.lang.String com.dev.mgm.Test.register(com.dev.mgm.bean.User)
2017-12-19 14:44:48,926 INFO  [main] RequestMappingHandlerMapping: Mapped "{[/error],produces=[text/html]}" onto public org.springframework.web.servlet.ModelAndView org.springframework.boot.autoconfigure.web.BasicErrorController.errorHtml(javax.servlet.http.HttpServletRequest,javax.servlet.http.HttpServletResponse)
2017-12-19 14:44:48,927 INFO  [main] RequestMappingHandlerMapping: Mapped "{[/error]}" onto public org.springframework.http.ResponseEntity<java.util.Map<java.lang.String, java.lang.Object>> org.springframework.boot.autoconfigure.web.BasicErrorController.error(javax.servlet.http.HttpServletRequest)
2017-12-19 14:44:48,959 INFO  [main] SimpleUrlHandlerMapping: Mapped URL path [/webjars/**] onto handler of type [class org.springframework.web.servlet.resource.ResourceHttpRequestHandler]
2017-12-19 14:44:48,959 INFO  [main] SimpleUrlHandlerMapping: Mapped URL path [/**] onto handler of type [class org.springframework.web.servlet.resource.ResourceHttpRequestHandler]
2017-12-19 14:44:48,996 INFO  [main] SimpleUrlHandlerMapping: Mapped URL path [/**/favicon.ico] onto handler of type [class org.springframework.web.servlet.resource.ResourceHttpRequestHandler]
2017-12-19 14:44:49,162 INFO  [main] AnnotationMBeanExporter: Registering beans for JMX exposure on startup
2017-12-19 14:44:49,186 INFO  [main] Http11NioProtocol: Initializing ProtocolHandler ["http-nio-8081"]
2017-12-19 14:44:49,198 INFO  [main] Http11NioProtocol: Starting ProtocolHandler ["http-nio-8081"]
2017-12-19 14:44:49,205 INFO  [main] NioSelectorPool: Using a shared selector for servlet write/read
2017-12-19 14:44:49,222 INFO  [main] TomcatEmbeddedServletContainer: Tomcat started on port(s): 8081 (http)
2017-12-19 14:44:49,233 INFO  [main] DevicemanagementApplication: Started DevicemanagementApplication in 5.286 seconds (JVM running for 9.001)
