2017-12-15 17:49:18,732 INFO  [http-nio-8082-exec-4] MySessionFactory: session factory call
2017-12-15 17:49:18,740 INFO  [http-nio-8082-exec-4] UserDAO: Deivce found
2017-12-15 17:49:39,181 INFO  [http-nio-8082-exec-5] MySessionFactory: session factory call
2017-12-15 17:49:39,224 INFO  [http-nio-8082-exec-5] UserDAO: Deivce found
2017-12-15 17:49:39,254 INFO  [http-nio-8082-exec-5] MySessionFactory: session factory call
2017-12-15 17:49:39,257 WARN  [http-nio-8082-exec-5] deprecation: HHH90000022: Hibernate's legacy org.hibernate.Criteria API is deprecated; use the JPA javax.persistence.criteria.CriteriaQuery instead
2017-12-15 17:49:39,289 INFO  [http-nio-8082-exec-5] UserDAO: user deleted successfully
2017-12-15 17:49:39,298 INFO  [http-nio-8082-exec-5] MySessionFactory: session factory call
2017-12-15 17:49:39,301 INFO  [http-nio-8082-exec-5] UserDAO: Deivce found
2017-12-15 17:49:49,768 INFO  [http-nio-8082-exec-6] MySessionFactory: session factory call
2017-12-15 17:49:49,781 INFO  [http-nio-8082-exec-6] UserDAO: Deivce found
2017-12-15 17:49:49,784 INFO  [http-nio-8082-exec-6] MySessionFactory: session factory call
2017-12-15 17:49:49,784 WARN  [http-nio-8082-exec-6] deprecation: HHH90000022: Hibernate's legacy org.hibernate.Criteria API is deprecated; use the JPA javax.persistence.criteria.CriteriaQuery instead
2017-12-15 17:49:49,786 INFO  [http-nio-8082-exec-6] UserDAO: device not found
2017-12-15 17:49:49,786 INFO  [http-nio-8082-exec-6] MySessionFactory: session factory call
2017-12-15 17:49:49,789 INFO  [http-nio-8082-exec-6] UserDAO: Deivce found
2017-12-15 17:49:56,735 INFO  [http-nio-8082-exec-7] MySessionFactory: session factory call
2017-12-15 17:49:56,748 INFO  [http-nio-8082-exec-7] UserDAO: Deivce found
2017-12-15 17:49:58,103 INFO  [http-nio-8082-exec-8] MySessionFactory: session factory call
2017-12-15 17:49:58,149 INFO  [http-nio-8082-exec-8] UserDAO: Deivce found
