2017-12-19 17:45:18,659 INFO  [http-nio-8081-exec-1] [/]: Initializing Spring FrameworkServlet 'dispatcherServlet'
2017-12-19 17:45:18,661 INFO  [http-nio-8081-exec-1] DispatcherServlet: FrameworkServlet 'dispatcherServlet': initialization started
2017-12-19 17:45:18,675 INFO  [http-nio-8081-exec-1] DispatcherServlet: FrameworkServlet 'dispatcherServlet': initialization completed in 14 ms
2017-12-19 17:45:19,018 INFO  [http-nio-8081-exec-1] Version: HHH000412: Hibernate Core {5.2.12.Final}
2017-12-19 17:45:19,020 INFO  [http-nio-8081-exec-1] Environment: HHH000206: hibernate.properties not found
2017-12-19 17:45:19,463 INFO  [http-nio-8081-exec-1] MySessionFactory: Hibernate Configuration file loaded Successfully
2017-12-19 17:45:19,513 INFO  [http-nio-8081-exec-1] Version: HCANN000001: Hibernate Commons Annotations {5.0.1.Final}
2017-12-19 17:45:19,618 WARN  [http-nio-8081-exec-1] pooling: HHH10001002: Using Hibernate built-in connection pool (not for production use!)
2017-12-19 17:45:19,619 INFO  [http-nio-8081-exec-1] pooling: HHH10001005: using driver [com.mysql.jdbc.Driver] at URL [jdbc:mysql://devicemgm.c3cvvpfexnwh.us-east-2.rds.amazonaws.com:3306/devicemgm]
2017-12-19 17:45:19,620 INFO  [http-nio-8081-exec-1] pooling: HHH10001001: Connection properties: {user=root, password=****}
2017-12-19 17:45:19,620 INFO  [http-nio-8081-exec-1] pooling: HHH10001003: Autocommit mode: false
2017-12-19 17:45:19,624 INFO  [http-nio-8081-exec-1] DriverManagerConnectionProviderImpl: HHH000115: Hibernate connection pool size: 10 (min=1)
2017-12-19 17:45:44,000 INFO  [http-nio-8081-exec-1] Dialect: HHH000400: Using dialect: org.hibernate.dialect.MySQL5Dialect
2017-12-19 17:45:44,035 INFO  [http-nio-8081-exec-1] LobCreatorBuilderImpl: HHH000423: Disabling contextual LOB creation as JDBC driver reported JDBC version [3] less than 4
2017-12-19 17:45:45,131 INFO  [http-nio-8081-exec-1] access: HHH10001501: Connection obtained from JdbcConnectionAccess [org.hibernate.engine.jdbc.env.internal.JdbcEnvironmentInitiator$ConnectionProviderJdbcConnectionAccess@19517caf] for (non-JTA) DDL execution was not in auto-commit mode; the Connection 'local transaction' will be committed and the Connection will be set into auto-commit mode.
2017-12-19 17:45:49,362 INFO  [http-nio-8081-exec-1] access: HHH10001501: Connection obtained from JdbcConnectionAccess [org.hibernate.engine.jdbc.env.internal.JdbcEnvironmentInitiator$ConnectionProviderJdbcConnectionAccess@23e7565b] for (non-JTA) DDL execution was not in auto-commit mode; the Connection 'local transaction' will be committed and the Connection will be set into auto-commit mode.
2017-12-19 17:45:52,601 INFO  [http-nio-8081-exec-1] SchemaCreatorImpl: HHH000476: Executing import script 'org.hibernate.tool.schema.internal.exec.ScriptSourceInputNonExistentImpl@6896f198'
2017-12-19 17:45:52,892 INFO  [http-nio-8081-exec-1] MySessionFactory: Session factory object created
2017-12-19 17:45:52,892 INFO  [http-nio-8081-exec-1] MySessionFactory: session factory call
2017-12-19 17:45:52,971 INFO  [http-nio-8081-exec-1] UserDAO: check device
2017-12-19 17:45:52,971 INFO  [http-nio-8081-exec-1] MySessionFactory: session factory call
