2017-12-14 23:40:32,251 INFO  [http-nio-8082-exec-1] [/]: Initializing Spring FrameworkServlet 'dispatcherServlet'
2017-12-14 23:40:32,252 INFO  [http-nio-8082-exec-1] DispatcherServlet: FrameworkServlet 'dispatcherServlet': initialization started
2017-12-14 23:40:32,274 INFO  [http-nio-8082-exec-1] DispatcherServlet: FrameworkServlet 'dispatcherServlet': initialization completed in 22 ms
2017-12-14 23:40:32,478 INFO  [http-nio-8082-exec-1] Version: HHH000412: Hibernate Core {5.2.12.Final}
2017-12-14 23:40:32,480 INFO  [http-nio-8082-exec-1] Environment: HHH000206: hibernate.properties not found
2017-12-14 23:40:32,850 INFO  [http-nio-8082-exec-1] MySessionFactory: Hibernate Configuration file loaded Successfully
2017-12-14 23:40:32,887 INFO  [http-nio-8082-exec-1] Version: HCANN000001: Hibernate Commons Annotations {5.0.1.Final}
2017-12-14 23:40:32,979 WARN  [http-nio-8082-exec-1] pooling: HHH10001002: Using Hibernate built-in connection pool (not for production use!)
2017-12-14 23:40:32,980 INFO  [http-nio-8082-exec-1] pooling: HHH10001005: using driver [com.mysql.jdbc.Driver] at URL [jdbc:mysql://localhost:3306/devicemgm]
2017-12-14 23:40:32,981 INFO  [http-nio-8082-exec-1] pooling: HHH10001001: Connection properties: {user=root, password=****}
2017-12-14 23:40:32,981 INFO  [http-nio-8082-exec-1] pooling: HHH10001003: Autocommit mode: false
2017-12-14 23:40:32,984 INFO  [http-nio-8082-exec-1] DriverManagerConnectionProviderImpl: HHH000115: Hibernate connection pool size: 10 (min=1)
2017-12-14 23:40:33,012 INFO  [http-nio-8082-exec-1] Dialect: HHH000400: Using dialect: org.hibernate.dialect.MySQL5Dialect
2017-12-14 23:40:33,051 INFO  [http-nio-8082-exec-1] LobCreatorBuilderImpl: HHH000423: Disabling contextual LOB creation as JDBC driver reported JDBC version [3] less than 4
2017-12-14 23:40:33,494 INFO  [http-nio-8082-exec-1] access: HHH10001501: Connection obtained from JdbcConnectionAccess [org.hibernate.engine.jdbc.env.internal.JdbcEnvironmentInitiator$ConnectionProviderJdbcConnectionAccess@588bfae6] for (non-JTA) DDL execution was not in auto-commit mode; the Connection 'local transaction' will be committed and the Connection will be set into auto-commit mode.
2017-12-14 23:40:33,530 INFO  [http-nio-8082-exec-1] MySessionFactory: Session factory object created
2017-12-14 23:40:33,530 INFO  [http-nio-8082-exec-1] MySessionFactory: session factory call
2017-12-14 23:40:33,630 INFO  [http-nio-8082-exec-1] UserDAO: Device foundUNREGISTER
2017-12-14 23:40:33,631 INFO  [http-nio-8082-exec-1] MySessionFactory: session factory call
2017-12-14 23:40:33,634 INFO  [http-nio-8082-exec-1] MySessionFactory: session factory call
