2017-12-08 15:37:44,366 INFO  [main] DevicemanagementApplication: Starting DevicemanagementApplication on ranjit-vostro-1540 with PID 17957 (/home/ranjit/Documents/DeviceMGM/devicemanagement/target/classes started by ranjit in /home/ranjit/Documents/DeviceMGM/devicemanagement)
2017-12-08 15:37:44,380 INFO  [main] DevicemanagementApplication: No active profile set, falling back to default profiles: default
2017-12-08 15:37:44,510 INFO  [main] AnnotationConfigEmbeddedWebApplicationContext: Refreshing org.springframework.boot.context.embedded.AnnotationConfigEmbeddedWebApplicationContext@6c40365c: startup date [Fri Dec 08 15:37:44 IST 2017]; root of context hierarchy
2017-12-08 15:37:44,847 INFO  [background-preinit] Version: HV000001: Hibernate Validator 5.2.5.Final
2017-12-08 15:37:47,195 INFO  [main] TomcatEmbeddedServletContainer: Tomcat initialized with port(s): 8081 (http)
2017-12-08 15:37:47,216 INFO  [main] StandardService: Starting service [Tomcat]
2017-12-08 15:37:47,218 INFO  [main] StandardEngine: Starting Servlet Engine: Apache Tomcat/8.5.15
2017-12-08 15:37:47,523 INFO  [localhost-startStop-1] [/]: Initializing Spring embedded WebApplicationContext
2017-12-08 15:37:47,524 INFO  [localhost-startStop-1] ContextLoader: Root WebApplicationContext: initialization completed in 3015 ms
2017-12-08 15:37:47,786 INFO  [localhost-startStop-1] ServletRegistrationBean: Mapping servlet: 'dispatcherServlet' to [/]
2017-12-08 15:37:47,794 INFO  [localhost-startStop-1] FilterRegistrationBean: Mapping filter: 'characterEncodingFilter' to: [/*]
2017-12-08 15:37:47,796 INFO  [localhost-startStop-1] FilterRegistrationBean: Mapping filter: 'hiddenHttpMethodFilter' to: [/*]
2017-12-08 15:37:47,796 INFO  [localhost-startStop-1] FilterRegistrationBean: Mapping filter: 'httpPutFormContentFilter' to: [/*]
2017-12-08 15:37:47,797 INFO  [localhost-startStop-1] FilterRegistrationBean: Mapping filter: 'requestContextFilter' to: [/*]
2017-12-08 15:37:48,343 INFO  [main] RequestMappingHandlerAdapter: Looking for @ControllerAdvice: org.springframework.boot.context.embedded.AnnotationConfigEmbeddedWebApplicationContext@6c40365c: startup date [Fri Dec 08 15:37:44 IST 2017]; root of context hierarchy
2017-12-08 15:37:48,464 INFO  [main] RequestMappingHandlerMapping: Mapped "{[/register],methods=[POST]}" onto public com.dev.mgm.bean.MessageBean com.dev.mgm.DeviceMgmServices.registerUser(com.dev.mgm.bean.User)
2017-12-08 15:37:48,466 INFO  [main] RequestMappingHandlerMapping: Mapped "{[/check/{device_id}]}" onto public com.dev.mgm.bean.Device com.dev.mgm.DeviceMgmServices.checkDeviceStatus(java.lang.String)
2017-12-08 15:37:48,467 INFO  [main] RequestMappingHandlerMapping: Mapped "{[/deregister/{device_id}]}" onto public com.dev.mgm.bean.MessageBean com.dev.mgm.DeviceMgmServices.deRegister(java.lang.String)
2017-12-08 15:37:48,471 INFO  [main] RequestMappingHandlerMapping: Mapped "{[/test/view],methods=[POST]}" onto public com.dev.mgm.bean.User com.dev.mgm.Test.view()
2017-12-08 15:37:48,472 INFO  [main] RequestMappingHandlerMapping: Mapped "{[/test/register]}" onto public com.dev.mgm.bean.MessageBean com.dev.mgm.Test.registerUser()
2017-12-08 15:37:48,472 INFO  [main] RequestMappingHandlerMapping: Mapped "{[/test/check/{device_id}]}" onto public com.dev.mgm.bean.Device com.dev.mgm.Test.checkDeviceStatus(java.lang.String)
2017-12-08 15:37:48,472 INFO  [main] RequestMappingHandlerMapping: Mapped "{[/test/send],methods=[POST]}" onto public java.lang.String com.dev.mgm.Test.register(com.dev.mgm.bean.User)
2017-12-08 15:37:48,478 INFO  [main] RequestMappingHandlerMapping: Mapped "{[/error],produces=[text/html]}" onto public org.springframework.web.servlet.ModelAndView org.springframework.boot.autoconfigure.web.BasicErrorController.errorHtml(javax.servlet.http.HttpServletRequest,javax.servlet.http.HttpServletResponse)
2017-12-08 15:37:48,479 INFO  [main] RequestMappingHandlerMapping: Mapped "{[/error]}" onto public org.springframework.http.ResponseEntity<java.util.Map<java.lang.String, java.lang.Object>> org.springframework.boot.autoconfigure.web.BasicErrorController.error(javax.servlet.http.HttpServletRequest)
2017-12-08 15:37:48,551 INFO  [main] SimpleUrlHandlerMapping: Mapped URL path [/webjars/**] onto handler of type [class org.springframework.web.servlet.resource.ResourceHttpRequestHandler]
2017-12-08 15:37:48,557 INFO  [main] SimpleUrlHandlerMapping: Mapped URL path [/**] onto handler of type [class org.springframework.web.servlet.resource.ResourceHttpRequestHandler]
2017-12-08 15:37:48,696 INFO  [main] SimpleUrlHandlerMapping: Mapped URL path [/**/favicon.ico] onto handler of type [class org.springframework.web.servlet.resource.ResourceHttpRequestHandler]
2017-12-08 15:37:49,004 INFO  [main] AnnotationMBeanExporter: Registering beans for JMX exposure on startup
2017-12-08 15:37:49,036 INFO  [main] Http11NioProtocol: Initializing ProtocolHandler ["http-nio-8081"]
2017-12-08 15:37:49,056 INFO  [main] Http11NioProtocol: Starting ProtocolHandler ["http-nio-8081"]
2017-12-08 15:37:49,065 ERROR [main] Http11NioProtocol: Failed to start end point associated with ProtocolHandler ["http-nio-8081"]
java.net.BindException: Address already in use
	at sun.nio.ch.Net.bind0(Native Method)
	at sun.nio.ch.Net.bind(Net.java:433)
	at sun.nio.ch.Net.bind(Net.java:425)
	at sun.nio.ch.ServerSocketChannelImpl.bind(ServerSocketChannelImpl.java:223)
	at sun.nio.ch.ServerSocketAdaptor.bind(ServerSocketAdaptor.java:74)
	at org.apache.tomcat.util.net.NioEndpoint.bind(NioEndpoint.java:210)
	at org.apache.tomcat.util.net.AbstractEndpoint.start(AbstractEndpoint.java:978)
	at org.apache.coyote.AbstractProtocol.start(AbstractProtocol.java:628)
	at org.apache.catalina.connector.Connector.startInternal(Connector.java:1022)
	at org.apache.catalina.util.LifecycleBase.start(LifecycleBase.java:150)
	at org.apache.catalina.core.StandardService.addConnector(StandardService.java:225)
	at org.springframework.boot.context.embedded.tomcat.TomcatEmbeddedServletContainer.addPreviouslyRemovedConnectors(TomcatEmbeddedServletContainer.java:247)
	at org.springframework.boot.context.embedded.tomcat.TomcatEmbeddedServletContainer.start(TomcatEmbeddedServletContainer.java:190)
	at org.springframework.boot.context.embedded.EmbeddedWebApplicationContext.startEmbeddedServletContainer(EmbeddedWebApplicationContext.java:297)
	at org.springframework.boot.context.embedded.EmbeddedWebApplicationContext.finishRefresh(EmbeddedWebApplicationContext.java:145)
	at org.springframework.context.support.AbstractApplicationContext.refresh(AbstractApplicationContext.java:546)
	at org.springframework.boot.context.embedded.EmbeddedWebApplicationContext.refresh(EmbeddedWebApplicationContext.java:122)
	at org.springframework.boot.SpringApplication.refresh(SpringApplication.java:762)
	at org.springframework.boot.SpringApplication.refreshContext(SpringApplication.java:372)
	at org.springframework.boot.SpringApplication.run(SpringApplication.java:316)
	at org.springframework.boot.SpringApplication.run(SpringApplication.java:1187)
	at org.springframework.boot.SpringApplication.run(SpringApplication.java:1176)
	at com.dev.mgm.DevicemanagementApplication.main(DevicemanagementApplication.java:10)
2017-12-08 15:37:49,066 ERROR [main] StandardService: Failed to start connector [Connector[HTTP/1.1-8081]]
org.apache.catalina.LifecycleException: Failed to start component [Connector[HTTP/1.1-8081]]
	at org.apache.catalina.util.LifecycleBase.start(LifecycleBase.java:167)
	at org.apache.catalina.core.StandardService.addConnector(StandardService.java:225)
	at org.springframework.boot.context.embedded.tomcat.TomcatEmbeddedServletContainer.addPreviouslyRemovedConnectors(TomcatEmbeddedServletContainer.java:247)
	at org.springframework.boot.context.embedded.tomcat.TomcatEmbeddedServletContainer.start(TomcatEmbeddedServletContainer.java:190)
	at org.springframework.boot.context.embedded.EmbeddedWebApplicationContext.startEmbeddedServletContainer(EmbeddedWebApplicationContext.java:297)
	at org.springframework.boot.context.embedded.EmbeddedWebApplicationContext.finishRefresh(EmbeddedWebApplicationContext.java:145)
	at org.springframework.context.support.AbstractApplicationContext.refresh(AbstractApplicationContext.java:546)
	at org.springframework.boot.context.embedded.EmbeddedWebApplicationContext.refresh(EmbeddedWebApplicationContext.java:122)
	at org.springframework.boot.SpringApplication.refresh(SpringApplication.java:762)
	at org.springframework.boot.SpringApplication.refreshContext(SpringApplication.java:372)
	at org.springframework.boot.SpringApplication.run(SpringApplication.java:316)
	at org.springframework.boot.SpringApplication.run(SpringApplication.java:1187)
	at org.springframework.boot.SpringApplication.run(SpringApplication.java:1176)
	at com.dev.mgm.DevicemanagementApplication.main(DevicemanagementApplication.java:10)
Caused by: org.apache.catalina.LifecycleException: service.getName(): "Tomcat";  Protocol handler start failed
	at org.apache.catalina.connector.Connector.startInternal(Connector.java:1029)
	at org.apache.catalina.util.LifecycleBase.start(LifecycleBase.java:150)
	... 13 common frames omitted
Caused by: java.net.BindException: Address already in use
	at sun.nio.ch.Net.bind0(Native Method)
	at sun.nio.ch.Net.bind(Net.java:433)
	at sun.nio.ch.Net.bind(Net.java:425)
	at sun.nio.ch.ServerSocketChannelImpl.bind(ServerSocketChannelImpl.java:223)
	at sun.nio.ch.ServerSocketAdaptor.bind(ServerSocketAdaptor.java:74)
	at org.apache.tomcat.util.net.NioEndpoint.bind(NioEndpoint.java:210)
	at org.apache.tomcat.util.net.AbstractEndpoint.start(AbstractEndpoint.java:978)
	at org.apache.coyote.AbstractProtocol.start(AbstractProtocol.java:628)
	at org.apache.catalina.connector.Connector.startInternal(Connector.java:1022)
	... 14 common frames omitted
2017-12-08 15:37:49,079 INFO  [main] Http11NioProtocol: Pausing ProtocolHandler ["http-nio-8081"]
2017-12-08 15:37:49,080 INFO  [main] StandardService: Stopping service [Tomcat]
2017-12-08 15:37:49,092 INFO  [main] LifecycleBase: The stop() method was called on component [StandardServer[-1]] after stop() had already been called. The second call will be ignored.
2017-12-08 15:37:49,092 INFO  [main] Http11NioProtocol: Stopping ProtocolHandler ["http-nio-8081"]
2017-12-08 15:37:49,093 INFO  [main] Http11NioProtocol: Destroying ProtocolHandler ["http-nio-8081"]
2017-12-08 15:37:49,100 INFO  [main] AutoConfigurationReportLoggingInitializer: 

Error starting ApplicationContext. To display the auto-configuration report re-run your application with 'debug' enabled.
2017-12-08 15:37:49,107 ERROR [main] LoggingFailureAnalysisReporter: 

***************************
APPLICATION FAILED TO START
***************************

Description:

The Tomcat connector configured to listen on port 8081 failed to start. The port may already be in use or the connector may be misconfigured.

Action:

Verify the connector's configuration, identify and stop any process that's listening on port 8081, or configure this application to listen on another port.

2017-12-08 15:37:49,109 INFO  [main] AnnotationConfigEmbeddedWebApplicationContext: Closing org.springframework.boot.context.embedded.AnnotationConfigEmbeddedWebApplicationContext@6c40365c: startup date [Fri Dec 08 15:37:44 IST 2017]; root of context hierarchy
2017-12-08 15:37:49,111 INFO  [main] AnnotationMBeanExporter: Unregistering JMX-exposed beans on shutdown
