2017-12-15 01:25:05,749 INFO  [main] DevicemanagementApplication: Starting DevicemanagementApplication on ranjit-vostro-1540 with PID 11174 (/home/ranjit/Documents/DeviceMGM/devicemanagement/target/classes started by ranjit in /home/ranjit/Documents/DeviceMGM/devicemanagement)
2017-12-15 01:25:05,759 INFO  [main] DevicemanagementApplication: No active profile set, falling back to default profiles: default
2017-12-15 01:25:05,828 INFO  [main] AnnotationConfigEmbeddedWebApplicationContext: Refreshing org.springframework.boot.context.embedded.AnnotationConfigEmbeddedWebApplicationContext@6adbc9d: startup date [Fri Dec 15 01:25:05 IST 2017]; root of context hierarchy
2017-12-15 01:25:05,956 INFO  [background-preinit] Version: HV000001: Hibernate Validator 5.2.5.Final
2017-12-15 01:25:07,751 INFO  [main] TomcatEmbeddedServletContainer: Tomcat initialized with port(s): 8082 (http)
2017-12-15 01:25:07,765 INFO  [main] StandardService: Starting service [Tomcat]
2017-12-15 01:25:07,766 INFO  [main] StandardEngine: Starting Servlet Engine: Apache Tomcat/8.5.15
2017-12-15 01:25:07,872 INFO  [localhost-startStop-1] [/]: Initializing Spring embedded WebApplicationContext
2017-12-15 01:25:07,873 INFO  [localhost-startStop-1] ContextLoader: Root WebApplicationContext: initialization completed in 2046 ms
2017-12-15 01:25:08,052 INFO  [localhost-startStop-1] ServletRegistrationBean: Mapping servlet: 'dispatcherServlet' to [/]
2017-12-15 01:25:08,057 INFO  [localhost-startStop-1] FilterRegistrationBean: Mapping filter: 'characterEncodingFilter' to: [/*]
2017-12-15 01:25:08,058 INFO  [localhost-startStop-1] FilterRegistrationBean: Mapping filter: 'hiddenHttpMethodFilter' to: [/*]
2017-12-15 01:25:08,058 INFO  [localhost-startStop-1] FilterRegistrationBean: Mapping filter: 'httpPutFormContentFilter' to: [/*]
2017-12-15 01:25:08,059 INFO  [localhost-startStop-1] FilterRegistrationBean: Mapping filter: 'requestContextFilter' to: [/*]
2017-12-15 01:25:08,439 INFO  [main] RequestMappingHandlerAdapter: Looking for @ControllerAdvice: org.springframework.boot.context.embedded.AnnotationConfigEmbeddedWebApplicationContext@6adbc9d: startup date [Fri Dec 15 01:25:05 IST 2017]; root of context hierarchy
2017-12-15 01:25:08,507 INFO  [main] RequestMappingHandlerMapping: Mapped "{[/register],methods=[POST]}" onto public com.dev.mgm.bean.MessageBean com.dev.mgm.DeviceMgmServices.registerUser(com.dev.mgm.bean.User)
2017-12-15 01:25:08,508 INFO  [main] RequestMappingHandlerMapping: Mapped "{[/check/{device_id}]}" onto public com.dev.mgm.bean.Device com.dev.mgm.DeviceMgmServices.checkDeviceStatus(java.lang.String)
2017-12-15 01:25:08,509 INFO  [main] RequestMappingHandlerMapping: Mapped "{[/deregister/{device_id}]}" onto public com.dev.mgm.bean.MessageBean com.dev.mgm.DeviceMgmServices.deRegister(java.lang.String)
2017-12-15 01:25:08,513 INFO  [main] RequestMappingHandlerMapping: Mapped "{[/test/view],methods=[POST]}" onto public com.dev.mgm.bean.User com.dev.mgm.Test.view()
2017-12-15 01:25:08,514 INFO  [main] RequestMappingHandlerMapping: Mapped "{[/test/register]}" onto public com.dev.mgm.bean.MessageBean com.dev.mgm.Test.registerUser()
2017-12-15 01:25:08,515 INFO  [main] RequestMappingHandlerMapping: Mapped "{[/test/viewall],methods=[GET]}" onto public java.util.List<com.dev.mgm.bean.User> com.dev.mgm.Test.viewAll()
2017-12-15 01:25:08,516 INFO  [main] RequestMappingHandlerMapping: Mapped "{[/test/check/{device_id}]}" onto public com.dev.mgm.bean.Device com.dev.mgm.Test.checkDeviceStatus(java.lang.String)
2017-12-15 01:25:08,516 INFO  [main] RequestMappingHandlerMapping: Mapped "{[/test/send],methods=[POST]}" onto public java.lang.String com.dev.mgm.Test.register(com.dev.mgm.bean.User)
2017-12-15 01:25:08,520 INFO  [main] RequestMappingHandlerMapping: Mapped "{[/error],produces=[text/html]}" onto public org.springframework.web.servlet.ModelAndView org.springframework.boot.autoconfigure.web.BasicErrorController.errorHtml(javax.servlet.http.HttpServletRequest,javax.servlet.http.HttpServletResponse)
2017-12-15 01:25:08,521 INFO  [main] RequestMappingHandlerMapping: Mapped "{[/error]}" onto public org.springframework.http.ResponseEntity<java.util.Map<java.lang.String, java.lang.Object>> org.springframework.boot.autoconfigure.web.BasicErrorController.error(javax.servlet.http.HttpServletRequest)
2017-12-15 01:25:08,562 INFO  [main] SimpleUrlHandlerMapping: Mapped URL path [/webjars/**] onto handler of type [class org.springframework.web.servlet.resource.ResourceHttpRequestHandler]
2017-12-15 01:25:08,562 INFO  [main] SimpleUrlHandlerMapping: Mapped URL path [/**] onto handler of type [class org.springframework.web.servlet.resource.ResourceHttpRequestHandler]
2017-12-15 01:25:08,607 INFO  [main] SimpleUrlHandlerMapping: Mapped URL path [/**/favicon.ico] onto handler of type [class org.springframework.web.servlet.resource.ResourceHttpRequestHandler]
2017-12-15 01:25:08,799 INFO  [main] AnnotationMBeanExporter: Registering beans for JMX exposure on startup
2017-12-15 01:25:08,824 INFO  [main] Http11NioProtocol: Initializing ProtocolHandler ["http-nio-8082"]
2017-12-15 01:25:08,835 INFO  [main] Http11NioProtocol: Starting ProtocolHandler ["http-nio-8082"]
2017-12-15 01:25:08,842 INFO  [main] NioSelectorPool: Using a shared selector for servlet write/read
2017-12-15 01:25:08,861 INFO  [main] TomcatEmbeddedServletContainer: Tomcat started on port(s): 8082 (http)
2017-12-15 01:25:08,868 INFO  [main] DevicemanagementApplication: Started DevicemanagementApplication in 3.509 seconds (JVM running for 4.67)
2017-12-15 01:25:15,745 INFO  [http-nio-8082-exec-2] [/]: Initializing Spring FrameworkServlet 'dispatcherServlet'
2017-12-15 01:25:15,746 INFO  [http-nio-8082-exec-2] DispatcherServlet: FrameworkServlet 'dispatcherServlet': initialization started
2017-12-15 01:25:15,768 INFO  [http-nio-8082-exec-2] DispatcherServlet: FrameworkServlet 'dispatcherServlet': initialization completed in 22 ms
2017-12-15 01:25:15,969 INFO  [http-nio-8082-exec-2] Version: HHH000412: Hibernate Core {5.2.12.Final}
2017-12-15 01:25:15,972 INFO  [http-nio-8082-exec-2] Environment: HHH000206: hibernate.properties not found
2017-12-15 01:25:16,242 INFO  [http-nio-8082-exec-2] MySessionFactory: Hibernate Configuration file loaded Successfully
2017-12-15 01:25:16,282 INFO  [http-nio-8082-exec-2] Version: HCANN000001: Hibernate Commons Annotations {5.0.1.Final}
2017-12-15 01:25:16,556 WARN  [http-nio-8082-exec-2] pooling: HHH10001002: Using Hibernate built-in connection pool (not for production use!)
2017-12-15 01:25:16,557 INFO  [http-nio-8082-exec-2] pooling: HHH10001005: using driver [com.mysql.jdbc.Driver] at URL [jdbc:mysql://localhost:3306/devicemgm]
2017-12-15 01:25:16,558 INFO  [http-nio-8082-exec-2] pooling: HHH10001001: Connection properties: {user=root, password=****}
2017-12-15 01:25:16,559 INFO  [http-nio-8082-exec-2] pooling: HHH10001003: Autocommit mode: false
2017-12-15 01:25:16,562 INFO  [http-nio-8082-exec-2] DriverManagerConnectionProviderImpl: HHH000115: Hibernate connection pool size: 10 (min=1)
2017-12-15 01:25:16,598 INFO  [http-nio-8082-exec-2] Dialect: HHH000400: Using dialect: org.hibernate.dialect.MySQL5Dialect
2017-12-15 01:25:16,644 INFO  [http-nio-8082-exec-2] LobCreatorBuilderImpl: HHH000423: Disabling contextual LOB creation as JDBC driver reported JDBC version [3] less than 4
2017-12-15 01:25:17,146 INFO  [http-nio-8082-exec-2] access: HHH10001501: Connection obtained from JdbcConnectionAccess [org.hibernate.engine.jdbc.env.internal.JdbcEnvironmentInitiator$ConnectionProviderJdbcConnectionAccess@533665cd] for (non-JTA) DDL execution was not in auto-commit mode; the Connection 'local transaction' will be committed and the Connection will be set into auto-commit mode.
2017-12-15 01:25:17,183 INFO  [http-nio-8082-exec-2] MySessionFactory: Session factory object created
2017-12-15 01:25:17,183 INFO  [http-nio-8082-exec-2] MySessionFactory: session factory call
2017-12-15 01:25:17,275 INFO  [http-nio-8082-exec-2] UserDAO: Deivce status not found ID0
2017-12-15 01:25:26,489 INFO  [http-nio-8082-exec-1] MySessionFactory: session factory call
2017-12-15 01:25:26,526 INFO  [http-nio-8082-exec-1] UserDAO: Checking Validity
2017-12-15 01:25:26,527 INFO  [http-nio-8082-exec-1] MySessionFactory: session factory call
2017-12-15 01:25:26,536 INFO  [http-nio-8082-exec-1] UserDAO: change status excecuting
2017-12-15 01:25:26,556 INFO  [http-nio-8082-exec-1] UserDAO: Device Not Valid right now
2017-12-15 01:25:26,556 INFO  [http-nio-8082-exec-1] UserDAO: Deivce status found
2017-12-15 01:25:40,425 INFO  [http-nio-8082-exec-4] MySessionFactory: session factory call
2017-12-15 01:25:40,429 INFO  [http-nio-8082-exec-4] UserDAO: Checking Validity
2017-12-15 01:25:40,429 INFO  [http-nio-8082-exec-4] MySessionFactory: session factory call
2017-12-15 01:25:40,432 INFO  [http-nio-8082-exec-4] UserDAO: change status excecuting
2017-12-15 01:25:40,455 INFO  [http-nio-8082-exec-4] UserDAO: Device Not Valid right now
2017-12-15 01:25:40,456 INFO  [http-nio-8082-exec-4] UserDAO: Deivce status found
2017-12-15 01:25:46,655 INFO  [http-nio-8082-exec-5] MySessionFactory: session factory call
2017-12-15 01:25:46,658 INFO  [http-nio-8082-exec-5] UserDAO: Checking Validity
2017-12-15 01:25:46,660 INFO  [http-nio-8082-exec-5] MySessionFactory: session factory call
2017-12-15 01:25:46,664 INFO  [http-nio-8082-exec-5] UserDAO: change status excecuting
2017-12-15 01:25:46,667 INFO  [http-nio-8082-exec-5] UserDAO: Device Not Valid right now
2017-12-15 01:25:46,668 INFO  [http-nio-8082-exec-5] UserDAO: Deivce status found
2017-12-15 01:25:56,217 INFO  [http-nio-8082-exec-6] MySessionFactory: session factory call
2017-12-15 01:25:56,220 INFO  [http-nio-8082-exec-6] UserDAO: Checking Validity
2017-12-15 01:25:56,220 INFO  [http-nio-8082-exec-6] MySessionFactory: session factory call
2017-12-15 01:25:56,223 INFO  [http-nio-8082-exec-6] UserDAO: change status excecuting
2017-12-15 01:25:56,227 INFO  [http-nio-8082-exec-6] UserDAO: Device Not Valid right now
2017-12-15 01:25:56,227 INFO  [http-nio-8082-exec-6] UserDAO: Deivce status found
