2017-12-15 16:41:12,775 INFO  [http-nio-8082-exec-4] MySessionFactory: session factory call
2017-12-15 16:41:12,781 INFO  [http-nio-8082-exec-4] UserDAO: Deivce found
2017-12-15 16:41:12,784 INFO  [http-nio-8082-exec-4] MySessionFactory: session factory call
2017-12-15 16:41:12,784 WARN  [http-nio-8082-exec-4] deprecation: HHH90000022: Hibernate's legacy org.hibernate.Criteria API is deprecated; use the JPA javax.persistence.criteria.CriteriaQuery instead
2017-12-15 16:41:12,786 INFO  [http-nio-8082-exec-4] UserDAO: user deleted successfully
2017-12-15 16:41:12,789 INFO  [http-nio-8082-exec-4] MySessionFactory: session factory call
2017-12-15 16:41:12,791 INFO  [http-nio-8082-exec-4] UserDAO: Deivce found
2017-12-15 16:41:12,792 INFO  [http-nio-8082-exec-4] MySessionFactory: session factory call
2017-12-15 16:41:12,792 WARN  [http-nio-8082-exec-4] deprecation: HHH90000022: Hibernate's legacy org.hibernate.Criteria API is deprecated; use the JPA javax.persistence.criteria.CriteriaQuery instead
2017-12-15 16:41:12,794 INFO  [http-nio-8082-exec-4] UserDAO: device not found
2017-12-15 16:41:13,976 INFO  [http-nio-8082-exec-5] MySessionFactory: session factory call
2017-12-15 16:41:13,980 INFO  [http-nio-8082-exec-5] UserDAO: Deivce found
2017-12-15 16:41:13,983 INFO  [http-nio-8082-exec-5] MySessionFactory: session factory call
2017-12-15 16:41:13,983 WARN  [http-nio-8082-exec-5] deprecation: HHH90000022: Hibernate's legacy org.hibernate.Criteria API is deprecated; use the JPA javax.persistence.criteria.CriteriaQuery instead
2017-12-15 16:41:13,986 INFO  [http-nio-8082-exec-5] UserDAO: user deleted successfully
2017-12-15 16:41:13,988 INFO  [http-nio-8082-exec-5] MySessionFactory: session factory call
2017-12-15 16:41:13,991 INFO  [http-nio-8082-exec-5] UserDAO: Deivce found
2017-12-15 16:41:13,992 INFO  [http-nio-8082-exec-5] MySessionFactory: session factory call
2017-12-15 16:41:13,992 WARN  [http-nio-8082-exec-5] deprecation: HHH90000022: Hibernate's legacy org.hibernate.Criteria API is deprecated; use the JPA javax.persistence.criteria.CriteriaQuery instead
2017-12-15 16:41:13,994 INFO  [http-nio-8082-exec-5] UserDAO: device not found
