2017-12-11 17:01:01,389 INFO  [http-nio-8081-exec-1] [/]: Initializing Spring FrameworkServlet 'dispatcherServlet'
2017-12-11 17:01:01,398 INFO  [http-nio-8081-exec-1] DispatcherServlet: FrameworkServlet 'dispatcherServlet': initialization started
2017-12-11 17:01:01,425 INFO  [http-nio-8081-exec-1] DispatcherServlet: FrameworkServlet 'dispatcherServlet': initialization completed in 27 ms
2017-12-11 17:01:01,697 INFO  [http-nio-8081-exec-1] Version: HHH000412: Hibernate Core {5.2.12.Final}
2017-12-11 17:01:01,702 INFO  [http-nio-8081-exec-1] Environment: HHH000206: hibernate.properties not found
2017-12-11 17:01:02,207 INFO  [http-nio-8081-exec-1] MySessionFactory: Hibernate Configuration file loaded Successfully
2017-12-11 17:01:02,262 INFO  [http-nio-8081-exec-1] Version: HCANN000001: Hibernate Commons Annotations {5.0.1.Final}
2017-12-11 17:01:02,412 WARN  [http-nio-8081-exec-1] pooling: HHH10001002: Using Hibernate built-in connection pool (not for production use!)
2017-12-11 17:01:02,414 INFO  [http-nio-8081-exec-1] pooling: HHH10001005: using driver [com.mysql.jdbc.Driver] at URL [jdbc:mysql://localhost:3306/devicemgm]
2017-12-11 17:01:02,415 INFO  [http-nio-8081-exec-1] pooling: HHH10001001: Connection properties: {user=root, password=****}
2017-12-11 17:01:02,416 INFO  [http-nio-8081-exec-1] pooling: HHH10001003: Autocommit mode: false
2017-12-11 17:01:02,421 INFO  [http-nio-8081-exec-1] DriverManagerConnectionProviderImpl: HHH000115: Hibernate connection pool size: 10 (min=1)
2017-12-11 17:01:02,468 INFO  [http-nio-8081-exec-1] Dialect: HHH000400: Using dialect: org.hibernate.dialect.MySQL5Dialect
2017-12-11 17:01:02,525 INFO  [http-nio-8081-exec-1] LobCreatorBuilderImpl: HHH000423: Disabling contextual LOB creation as JDBC driver reported JDBC version [3] less than 4
2017-12-11 17:01:03,205 INFO  [http-nio-8081-exec-1] access: HHH10001501: Connection obtained from JdbcConnectionAccess [org.hibernate.engine.jdbc.env.internal.JdbcEnvironmentInitiator$ConnectionProviderJdbcConnectionAccess@51e9fe6] for (non-JTA) DDL execution was not in auto-commit mode; the Connection 'local transaction' will be committed and the Connection will be set into auto-commit mode.
2017-12-11 17:01:03,244 INFO  [http-nio-8081-exec-1] MySessionFactory: Session factory object created
2017-12-11 17:01:03,244 INFO  [http-nio-8081-exec-1] MySessionFactory: session factory call
2017-12-11 17:01:03,405 INFO  [http-nio-8081-exec-1] UserDAO: Deivce status found
2017-12-11 17:01:32,311 INFO  [http-nio-8081-exec-2] MySessionFactory: session factory call
2017-12-11 17:01:32,316 INFO  [http-nio-8081-exec-2] UserDAO: Deivce status found
